<?xml version="1.0" encoding="UTF-8"?>
<testsuite name="sample.BootTests" tests="3" skipped="0" failures="0" errors="0" timestamp="2024-02-20T12:09:44" hostname="karestig-mac" time="5.168">
  <properties/>
  <testcase name="logout()" classname="sample.BootTests" time="4.023"/>
  <testcase name="home()" classname="sample.BootTests" time="0.402"/>
  <testcase name="login()" classname="sample.BootTests" time="0.741"/>
  <system-out><![CDATA[12:09:40.482 [Test worker] INFO org.springframework.boot.test.context.SpringBootTestContextBootstrapper -- Found @SpringBootConfiguration sample.Application for test class sample.BootTests
12:09:40.613 [Test worker] INFO org.springframework.boot.devtools.restart.RestartApplicationListener -- Restart disabled due to context in which it is running

  .   ____          _            __ _ _
 /\\ / ___'_ __ _ _(_)_ __  __ _ \ \ \ \
( ( )\___ | '_ | '_| | '_ \/ _` | \ \ \ \
 \\/  ___)| |_)| | | | | || (_| |  ) ) ) )
  '  |____| .__|_| |_|_| |_\__, | / / / /
 =========|_|==============|___/=/_/_/_/
 :: Spring Boot ::                (v3.2.0)

2024-02-20T12:09:40.813Z  INFO 25191 --- [    Test worker] sample.BootTests                         : Starting BootTests using Java 17.0.2 with PID 25191 (started by karestig in /Users/karestig/REDHAT/INFINISPAN/spring-session-redis-hot-replacement/spring-session-samples/spring-session-sample-boot-redis)
2024-02-20T12:09:40.815Z  INFO 25191 --- [    Test worker] sample.BootTests                         : No active profile set, falling back to 1 default profile: "default"
2024-02-20T12:09:41.582Z  INFO 25191 --- [    Test worker] .s.d.r.c.RepositoryConfigurationDelegate : Multiple Spring Data modules found, entering strict repository configuration mode
2024-02-20T12:09:41.584Z  INFO 25191 --- [    Test worker] .s.d.r.c.RepositoryConfigurationDelegate : Bootstrapping Spring Data Redis repositories in DEFAULT mode.
2024-02-20T12:09:41.610Z  INFO 25191 --- [    Test worker] .s.d.r.c.RepositoryConfigurationDelegate : Finished Spring Data repository scanning in 13 ms. Found 0 Redis repository interfaces.
2024-02-20T12:09:42.108Z  INFO 25191 --- [    Test worker] o.s.b.a.w.s.WelcomePageHandlerMapping    : Adding welcome page template: index
2024-02-20T12:09:42.789Z  INFO 25191 --- [    Test worker] o.s.s.web.DefaultSecurityFilterChain     : Will secure any request with [org.springframework.security.web.session.DisableEncodeUrlFilter@3b8507df, org.springframework.security.web.context.request.async.WebAsyncManagerIntegrationFilter@5ed25612, org.springframework.security.web.context.SecurityContextHolderFilter@9b3be1c, org.springframework.security.web.header.HeaderWriterFilter@283ab206, org.springframework.web.filter.CorsFilter@451816fd, org.springframework.security.web.csrf.CsrfFilter@23ee2ccf, org.springframework.security.web.authentication.logout.LogoutFilter@3e9beef2, org.springframework.security.web.authentication.UsernamePasswordAuthenticationFilter@7185e611, org.springframework.security.web.authentication.ui.DefaultLoginPageGeneratingFilter@45d4421d, org.springframework.security.web.authentication.ui.DefaultLogoutPageGeneratingFilter@56e5c8fb, org.springframework.security.web.savedrequest.RequestCacheAwareFilter@13516600, org.springframework.security.web.servletapi.SecurityContextHolderAwareRequestFilter@35d7386b, org.springframework.security.web.authentication.AnonymousAuthenticationFilter@45cd8607, org.springframework.security.web.access.ExceptionTranslationFilter@40d96578, org.springframework.security.web.access.intercept.AuthorizationFilter@59e082f8]
2024-02-20T12:09:43.520Z  INFO 25191 --- [    Test worker] o.s.b.t.m.w.SpringBootMockServletContext : Initializing Spring TestDispatcherServlet ''
2024-02-20T12:09:43.520Z  INFO 25191 --- [    Test worker] o.s.t.web.servlet.TestDispatcherServlet  : Initializing Servlet ''
2024-02-20T12:09:43.521Z  INFO 25191 --- [    Test worker] o.s.t.web.servlet.TestDispatcherServlet  : Completed initialization in 1 ms
2024-02-20T12:09:44.003Z  INFO 25191 --- [    Test worker] sample.BootTests                         : Started BootTests in 3.393 seconds (process running for 4.321)
2024-02-20T12:09:44.938Z  WARN 25191 --- [pool-3-thread-1] o.s.w.s.h.HandlerMappingIntrospector     : Cache miss for REQUEST dispatch to '/' (previous null). Performing CorsConfiguration lookup. This is logged once only at WARN level, and every time at TRACE.
2024-02-20T12:09:47.742Z  WARN 25191 --- [pool-3-thread-1] c.g.htmlunit.DefaultCssErrorHandler      : CSS error: 'http://localhost/webjars/bootstrap/2.3.2/css/bootstrap.min.css' [9:14] Error in declaration. '*' is not allowed as first char of a property.
2024-02-20T12:09:47.743Z  WARN 25191 --- [pool-3-thread-1] c.g.htmlunit.DefaultCssErrorHandler      : CSS error: 'http://localhost/webjars/bootstrap/2.3.2/css/bootstrap.min.css' [9:482] Error in declaration. '*' is not allowed as first char of a property.
2024-02-20T12:09:47.743Z  WARN 25191 --- [pool-3-thread-1] c.g.htmlunit.DefaultCssErrorHandler      : CSS error: 'http://localhost/webjars/bootstrap/2.3.2/css/bootstrap.min.css' [9:498] Error in declaration. '*' is not allowed as first char of a property.
2024-02-20T12:09:47.745Z  WARN 25191 --- [pool-3-thread-1] c.g.htmlunit.DefaultCssErrorHandler      : CSS error: 'http://localhost/webjars/bootstrap/2.3.2/css/bootstrap.min.css' [9:1093] Error in declaration. '*' is not allowed as first char of a property.
2024-02-20T12:09:47.747Z  WARN 25191 --- [pool-3-thread-1] c.g.htmlunit.DefaultCssErrorHandler      : CSS error: 'http://localhost/webjars/bootstrap/2.3.2/css/bootstrap.min.css' [9:2939] Error in declaration. '*' is not allowed as first char of a property.
2024-02-20T12:09:47.748Z  WARN 25191 --- [pool-3-thread-1] c.g.htmlunit.DefaultCssErrorHandler      : CSS error: 'http://localhost/webjars/bootstrap/2.3.2/css/bootstrap.min.css' [9:3783] Error in declaration. '*' is not allowed as first char of a property.
2024-02-20T12:09:47.748Z  WARN 25191 --- [pool-3-thread-1] c.g.htmlunit.DefaultCssErrorHandler      : CSS error: 'http://localhost/webjars/bootstrap/2.3.2/css/bootstrap.min.css' [9:4003] Error in declaration. '*' is not allowed as first char of a property.
2024-02-20T12:09:47.749Z  WARN 25191 --- [pool-3-thread-1] c.g.htmlunit.DefaultCssErrorHandler      : CSS error: 'http://localhost/webjars/bootstrap/2.3.2/css/bootstrap.min.css' [9:4285] Error in declaration. '*' is not allowed as first char of a property.
2024-02-20T12:09:47.749Z  WARN 25191 --- [pool-3-thread-1] c.g.htmlunit.DefaultCssErrorHandler      : CSS error: 'http://localhost/webjars/bootstrap/2.3.2/css/bootstrap.min.css' [9:4355] Error in declaration. '*' is not allowed as first char of a property.
2024-02-20T12:09:47.749Z  WARN 25191 --- [pool-3-thread-1] c.g.htmlunit.DefaultCssErrorHandler      : CSS error: 'http://localhost/webjars/bootstrap/2.3.2/css/bootstrap.min.css' [9:4425] Error in declaration. '*' is not allowed as first char of a property.
2024-02-20T12:09:47.750Z  WARN 25191 --- [pool-3-thread-1] c.g.htmlunit.DefaultCssErrorHandler      : CSS error: 'http://localhost/webjars/bootstrap/2.3.2/css/bootstrap.min.css' [9:4494] Error in declaration. '*' is not allowed as first char of a property.
2024-02-20T12:09:47.750Z  WARN 25191 --- [pool-3-thread-1] c.g.htmlunit.DefaultCssErrorHandler      : CSS error: 'http://localhost/webjars/bootstrap/2.3.2/css/bootstrap.min.css' [9:4563] Error in declaration. '*' is not allowed as first char of a property.
2024-02-20T12:09:47.751Z  WARN 25191 --- [pool-3-thread-1] c.g.htmlunit.DefaultCssErrorHandler      : CSS error: 'http://localhost/webjars/bootstrap/2.3.2/css/bootstrap.min.css' [9:4632] Error in declaration. '*' is not allowed as first char of a property.
2024-02-20T12:09:47.751Z  WARN 25191 --- [pool-3-thread-1] c.g.htmlunit.DefaultCssErrorHandler      : CSS error: 'http://localhost/webjars/bootstrap/2.3.2/css/bootstrap.min.css' [9:4701] Error in declaration. '*' is not allowed as first char of a property.
2024-02-20T12:09:47.751Z  WARN 25191 --- [pool-3-thread-1] c.g.htmlunit.DefaultCssErrorHandler      : CSS error: 'http://localhost/webjars/bootstrap/2.3.2/css/bootstrap.min.css' [9:4770] Error in declaration. '*' is not allowed as first char of a property.
2024-02-20T12:09:47.752Z  WARN 25191 --- [pool-3-thread-1] c.g.htmlunit.DefaultCssErrorHandler      : CSS error: 'http://localhost/webjars/bootstrap/2.3.2/css/bootstrap.min.css' [9:4840] Error in declaration. '*' is not allowed as first char of a property.
2024-02-20T12:09:47.752Z  WARN 25191 --- [pool-3-thread-1] c.g.htmlunit.DefaultCssErrorHandler      : CSS error: 'http://localhost/webjars/bootstrap/2.3.2/css/bootstrap.min.css' [9:4911] Error in declaration. '*' is not allowed as first char of a property.
2024-02-20T12:09:47.753Z  WARN 25191 --- [pool-3-thread-1] c.g.htmlunit.DefaultCssErrorHandler      : CSS error: 'http://localhost/webjars/bootstrap/2.3.2/css/bootstrap.min.css' [9:4982] Error in declaration. '*' is not allowed as first char of a property.
2024-02-20T12:09:47.753Z  WARN 25191 --- [pool-3-thread-1] c.g.htmlunit.DefaultCssErrorHandler      : CSS error: 'http://localhost/webjars/bootstrap/2.3.2/css/bootstrap.min.css' [9:5052] Error in declaration. '*' is not allowed as first char of a property.
2024-02-20T12:09:47.754Z  WARN 25191 --- [pool-3-thread-1] c.g.htmlunit.DefaultCssErrorHandler      : CSS error: 'http://localhost/webjars/bootstrap/2.3.2/css/bootstrap.min.css' [9:5131] Error in declaration. '*' is not allowed as first char of a property.
2024-02-20T12:09:47.754Z  WARN 25191 --- [pool-3-thread-1] c.g.htmlunit.DefaultCssErrorHandler      : CSS error: 'http://localhost/webjars/bootstrap/2.3.2/css/bootstrap.min.css' [9:5229] Error in declaration. '*' is not allowed as first char of a property.
2024-02-20T12:09:47.754Z  WARN 25191 --- [pool-3-thread-1] c.g.htmlunit.DefaultCssErrorHandler      : CSS error: 'http://localhost/webjars/bootstrap/2.3.2/css/bootstrap.min.css' [9:5314] Error in declaration. '*' is not allowed as first char of a property.
2024-02-20T12:09:47.755Z  WARN 25191 --- [pool-3-thread-1] c.g.htmlunit.DefaultCssErrorHandler      : CSS error: 'http://localhost/webjars/bootstrap/2.3.2/css/bootstrap.min.css' [9:5409] Error in declaration. '*' is not allowed as first char of a property.
2024-02-20T12:09:47.755Z  WARN 25191 --- [pool-3-thread-1] c.g.htmlunit.DefaultCssErrorHandler      : CSS error: 'http://localhost/webjars/bootstrap/2.3.2/css/bootstrap.min.css' [9:5493] Error in declaration. '*' is not allowed as first char of a property.
2024-02-20T12:09:47.755Z  WARN 25191 --- [pool-3-thread-1] c.g.htmlunit.DefaultCssErrorHandler      : CSS error: 'http://localhost/webjars/bootstrap/2.3.2/css/bootstrap.min.css' [9:5588] Error in declaration. '*' is not allowed as first char of a property.
2024-02-20T12:09:47.756Z  WARN 25191 --- [pool-3-thread-1] c.g.htmlunit.DefaultCssErrorHandler      : CSS error: 'http://localhost/webjars/bootstrap/2.3.2/css/bootstrap.min.css' [9:5671] Error in declaration. '*' is not allowed as first char of a property.
2024-02-20T12:09:47.756Z  WARN 25191 --- [pool-3-thread-1] c.g.htmlunit.DefaultCssErrorHandler      : CSS error: 'http://localhost/webjars/bootstrap/2.3.2/css/bootstrap.min.css' [9:5766] Error in declaration. '*' is not allowed as first char of a property.
2024-02-20T12:09:47.756Z  WARN 25191 --- [pool-3-thread-1] c.g.htmlunit.DefaultCssErrorHandler      : CSS error: 'http://localhost/webjars/bootstrap/2.3.2/css/bootstrap.min.css' [9:5848] Error in declaration. '*' is not allowed as first char of a property.
2024-02-20T12:09:47.757Z  WARN 25191 --- [pool-3-thread-1] c.g.htmlunit.DefaultCssErrorHandler      : CSS error: 'http://localhost/webjars/bootstrap/2.3.2/css/bootstrap.min.css' [9:5943] Error in declaration. '*' is not allowed as first char of a property.
2024-02-20T12:09:47.757Z  WARN 25191 --- [pool-3-thread-1] c.g.htmlunit.DefaultCssErrorHandler      : CSS error: 'http://localhost/webjars/bootstrap/2.3.2/css/bootstrap.min.css' [9:6025] Error in declaration. '*' is not allowed as first char of a property.
2024-02-20T12:09:47.758Z  WARN 25191 --- [pool-3-thread-1] c.g.htmlunit.DefaultCssErrorHandler      : CSS error: 'http://localhost/webjars/bootstrap/2.3.2/css/bootstrap.min.css' [9:6121] Error in declaration. '*' is not allowed as first char of a property.
2024-02-20T12:09:47.758Z  WARN 25191 --- [pool-3-thread-1] c.g.htmlunit.DefaultCssErrorHandler      : CSS error: 'http://localhost/webjars/bootstrap/2.3.2/css/bootstrap.min.css' [9:6205] Error in declaration. '*' is not allowed as first char of a property.
2024-02-20T12:09:47.758Z  WARN 25191 --- [pool-3-thread-1] c.g.htmlunit.DefaultCssErrorHandler      : CSS error: 'http://localhost/webjars/bootstrap/2.3.2/css/bootstrap.min.css' [9:6302] Error in declaration. '*' is not allowed as first char of a property.
2024-02-20T12:09:47.759Z  WARN 25191 --- [pool-3-thread-1] c.g.htmlunit.DefaultCssErrorHandler      : CSS error: 'http://localhost/webjars/bootstrap/2.3.2/css/bootstrap.min.css' [9:6385] Error in declaration. '*' is not allowed as first char of a property.
2024-02-20T12:09:47.759Z  WARN 25191 --- [pool-3-thread-1] c.g.htmlunit.DefaultCssErrorHandler      : CSS error: 'http://localhost/webjars/bootstrap/2.3.2/css/bootstrap.min.css' [9:6479] Error in declaration. '*' is not allowed as first char of a property.
2024-02-20T12:09:47.759Z  WARN 25191 --- [pool-3-thread-1] c.g.htmlunit.DefaultCssErrorHandler      : CSS error: 'http://localhost/webjars/bootstrap/2.3.2/css/bootstrap.min.css' [9:6562] Error in declaration. '*' is not allowed as first char of a property.
2024-02-20T12:09:47.760Z  WARN 25191 --- [pool-3-thread-1] c.g.htmlunit.DefaultCssErrorHandler      : CSS error: 'http://localhost/webjars/bootstrap/2.3.2/css/bootstrap.min.css' [9:6657] Error in declaration. '*' is not allowed as first char of a property.
2024-02-20T12:09:47.760Z  WARN 25191 --- [pool-3-thread-1] c.g.htmlunit.DefaultCssErrorHandler      : CSS error: 'http://localhost/webjars/bootstrap/2.3.2/css/bootstrap.min.css' [9:6741] Error in declaration. '*' is not allowed as first char of a property.
2024-02-20T12:09:47.760Z  WARN 25191 --- [pool-3-thread-1] c.g.htmlunit.DefaultCssErrorHandler      : CSS error: 'http://localhost/webjars/bootstrap/2.3.2/css/bootstrap.min.css' [9:6835] Error in declaration. '*' is not allowed as first char of a property.
2024-02-20T12:09:47.761Z  WARN 25191 --- [pool-3-thread-1] c.g.htmlunit.DefaultCssErrorHandler      : CSS error: 'http://localhost/webjars/bootstrap/2.3.2/css/bootstrap.min.css' [9:6920] Error in declaration. '*' is not allowed as first char of a property.
2024-02-20T12:09:47.761Z  WARN 25191 --- [pool-3-thread-1] c.g.htmlunit.DefaultCssErrorHandler      : CSS error: 'http://localhost/webjars/bootstrap/2.3.2/css/bootstrap.min.css' [9:7015] Error in declaration. '*' is not allowed as first char of a property.
2024-02-20T12:09:47.762Z  WARN 25191 --- [pool-3-thread-1] c.g.htmlunit.DefaultCssErrorHandler      : CSS error: 'http://localhost/webjars/bootstrap/2.3.2/css/bootstrap.min.css' [9:7100] Error in declaration. '*' is not allowed as first char of a property.
2024-02-20T12:09:47.762Z  WARN 25191 --- [pool-3-thread-1] c.g.htmlunit.DefaultCssErrorHandler      : CSS error: 'http://localhost/webjars/bootstrap/2.3.2/css/bootstrap.min.css' [9:7194] Error in declaration. '*' is not allowed as first char of a property.
2024-02-20T12:09:47.762Z  WARN 25191 --- [pool-3-thread-1] c.g.htmlunit.DefaultCssErrorHandler      : CSS error: 'http://localhost/webjars/bootstrap/2.3.2/css/bootstrap.min.css' [9:7415] Error in declaration. '*' is not allowed as first char of a property.
2024-02-20T12:09:47.763Z  WARN 25191 --- [pool-3-thread-1] c.g.htmlunit.DefaultCssErrorHandler      : CSS error: 'http://localhost/webjars/bootstrap/2.3.2/css/bootstrap.min.css' [9:7579] Error in declaration. '*' is not allowed as first char of a property.
2024-02-20T12:09:47.764Z  WARN 25191 --- [pool-3-thread-1] c.g.htmlunit.DefaultCssErrorHandler      : CSS error: 'http://localhost/webjars/bootstrap/2.3.2/css/bootstrap.min.css' [9:9158] Error in declaration. '*' is not allowed as first char of a property.
2024-02-20T12:09:47.765Z  WARN 25191 --- [pool-3-thread-1] c.g.htmlunit.DefaultCssErrorHandler      : CSS error: 'http://localhost/webjars/bootstrap/2.3.2/css/bootstrap.min.css' [9:9209] Error in declaration. '*' is not allowed as first char of a property.
2024-02-20T12:09:47.765Z  WARN 25191 --- [pool-3-thread-1] c.g.htmlunit.DefaultCssErrorHandler      : CSS error: 'http://localhost/webjars/bootstrap/2.3.2/css/bootstrap.min.css' [9:9317] Error in declaration. '*' is not allowed as first char of a property.
2024-02-20T12:09:47.769Z  WARN 25191 --- [pool-3-thread-1] c.g.htmlunit.DefaultCssErrorHandler      : CSS error: 'http://localhost/webjars/bootstrap/2.3.2/css/bootstrap.min.css' [9:13833] Error in declaration. '*' is not allowed as first char of a property.
2024-02-20T12:09:47.770Z  WARN 25191 --- [pool-3-thread-1] c.g.htmlunit.DefaultCssErrorHandler      : CSS error: 'http://localhost/webjars/bootstrap/2.3.2/css/bootstrap.min.css' [9:14059] Error in declaration. '*' is not allowed as first char of a property.
2024-02-20T12:09:47.773Z  WARN 25191 --- [pool-3-thread-1] c.g.htmlunit.DefaultCssErrorHandler      : CSS error: 'http://localhost/webjars/bootstrap/2.3.2/css/bootstrap.min.css' [9:17068] Error in declaration. '*' is not allowed as first char of a property.
2024-02-20T12:09:47.780Z  WARN 25191 --- [pool-3-thread-1] c.g.htmlunit.DefaultCssErrorHandler      : CSS error: 'http://localhost/webjars/bootstrap/2.3.2/css/bootstrap.min.css' [9:22114] Error in declaration. '*' is not allowed as first char of a property.
2024-02-20T12:09:47.781Z  WARN 25191 --- [pool-3-thread-1] c.g.htmlunit.DefaultCssErrorHandler      : CSS error: 'http://localhost/webjars/bootstrap/2.3.2/css/bootstrap.min.css' [9:22351] Error in declaration. '*' is not allowed as first char of a property.
2024-02-20T12:09:47.781Z  WARN 25191 --- [pool-3-thread-1] c.g.htmlunit.DefaultCssErrorHandler      : CSS error: 'http://localhost/webjars/bootstrap/2.3.2/css/bootstrap.min.css' [9:22406] Error in declaration. '*' is not allowed as first char of a property.
2024-02-20T12:09:47.782Z  WARN 25191 --- [pool-3-thread-1] c.g.htmlunit.DefaultCssErrorHandler      : CSS error: 'http://localhost/webjars/bootstrap/2.3.2/css/bootstrap.min.css' [9:22989] Error in declaration. '*' is not allowed as first char of a property.
2024-02-20T12:09:47.787Z  WARN 25191 --- [pool-3-thread-1] c.g.htmlunit.DefaultCssErrorHandler      : CSS error: 'http://localhost/webjars/bootstrap/2.3.2/css/bootstrap.min.css' [9:27152] Error in declaration. '*' is not allowed as first char of a property.
2024-02-20T12:09:47.788Z  WARN 25191 --- [pool-3-thread-1] c.g.htmlunit.DefaultCssErrorHandler      : CSS error: 'http://localhost/webjars/bootstrap/2.3.2/css/bootstrap.min.css' [9:27206] Error in declaration. '*' is not allowed as first char of a property.
2024-02-20T12:09:47.789Z  WARN 25191 --- [pool-3-thread-1] c.g.htmlunit.DefaultCssErrorHandler      : CSS error: 'http://localhost/webjars/bootstrap/2.3.2/css/bootstrap.min.css' [9:28034] Error in declaration. '*' is not allowed as first char of a property.
2024-02-20T12:09:47.790Z  WARN 25191 --- [pool-3-thread-1] c.g.htmlunit.DefaultCssErrorHandler      : CSS error: 'http://localhost/webjars/bootstrap/2.3.2/css/bootstrap.min.css' [9:28322] Error in declaration. '*' is not allowed as first char of a property.
2024-02-20T12:09:47.790Z  WARN 25191 --- [pool-3-thread-1] c.g.htmlunit.DefaultCssErrorHandler      : CSS error: 'http://localhost/webjars/bootstrap/2.3.2/css/bootstrap.min.css' [9:28344] Error in declaration. '*' is not allowed as first char of a property.
2024-02-20T12:09:47.790Z  WARN 25191 --- [pool-3-thread-1] c.g.htmlunit.DefaultCssErrorHandler      : CSS error: 'http://localhost/webjars/bootstrap/2.3.2/css/bootstrap.min.css' [9:28381] Error in declaration. '*' is not allowed as first char of a property.
2024-02-20T12:09:47.790Z  WARN 25191 --- [pool-3-thread-1] c.g.htmlunit.DefaultCssErrorHandler      : CSS error: 'http://localhost/webjars/bootstrap/2.3.2/css/bootstrap.min.css' [9:28435] Error in declaration. '*' is not allowed as first char of a property.
2024-02-20T12:09:47.792Z  WARN 25191 --- [pool-3-thread-1] c.g.htmlunit.DefaultCssErrorHandler      : CSS error: 'http://localhost/webjars/bootstrap/2.3.2/css/bootstrap.min.css' [9:29570] Error in declaration. '*' is not allowed as first char of a property.
2024-02-20T12:09:47.797Z  WARN 25191 --- [pool-3-thread-1] c.g.htmlunit.DefaultCssErrorHandler      : CSS error: 'http://localhost/webjars/bootstrap/2.3.2/css/bootstrap.min.css' [9:34332] Error in declaration. '*' is not allowed as first char of a property.
2024-02-20T12:09:47.808Z  WARN 25191 --- [pool-3-thread-1] c.g.htmlunit.DefaultCssErrorHandler      : CSS error: 'http://localhost/webjars/bootstrap/2.3.2/css/bootstrap.min.css' [9:41968] Error in declaration. '*' is not allowed as first char of a property.
2024-02-20T12:09:47.810Z  WARN 25191 --- [pool-3-thread-1] c.g.htmlunit.DefaultCssErrorHandler      : CSS error: 'http://localhost/webjars/bootstrap/2.3.2/css/bootstrap.min.css' [9:42487] Error in declaration. '*' is not allowed as first char of a property.
2024-02-20T12:09:47.810Z  WARN 25191 --- [pool-3-thread-1] c.g.htmlunit.DefaultCssErrorHandler      : CSS error: 'http://localhost/webjars/bootstrap/2.3.2/css/bootstrap.min.css' [9:42511] Error in declaration. '*' is not allowed as first char of a property.
2024-02-20T12:09:47.811Z  WARN 25191 --- [pool-3-thread-1] c.g.htmlunit.DefaultCssErrorHandler      : CSS error: 'http://localhost/webjars/bootstrap/2.3.2/css/bootstrap.min.css' [9:42891] Error in declaration. '*' is not allowed as first char of a property.
2024-02-20T12:09:47.811Z  WARN 25191 --- [pool-3-thread-1] c.g.htmlunit.DefaultCssErrorHandler      : CSS error: 'http://localhost/webjars/bootstrap/2.3.2/css/bootstrap.min.css' [9:42929] Error in declaration. '*' is not allowed as first char of a property.
2024-02-20T12:09:47.813Z  WARN 25191 --- [pool-3-thread-1] c.g.htmlunit.DefaultCssErrorHandler      : CSS error: 'http://localhost/webjars/bootstrap/2.3.2/css/bootstrap.min.css' [9:44679] Error in declaration. '*' is not allowed as first char of a property.
2024-02-20T12:09:47.816Z  WARN 25191 --- [pool-3-thread-1] c.g.htmlunit.DefaultCssErrorHandler      : CSS error: 'http://localhost/webjars/bootstrap/2.3.2/css/bootstrap.min.css' [9:47484] Error in declaration. '*' is not allowed as first char of a property.
2024-02-20T12:09:47.816Z  WARN 25191 --- [pool-3-thread-1] c.g.htmlunit.DefaultCssErrorHandler      : CSS error: 'http://localhost/webjars/bootstrap/2.3.2/css/bootstrap.min.css' [9:47533] Error in declaration. '*' is not allowed as first char of a property.
2024-02-20T12:09:47.817Z  WARN 25191 --- [pool-3-thread-1] c.g.htmlunit.DefaultCssErrorHandler      : CSS error: 'http://localhost/webjars/bootstrap/2.3.2/css/bootstrap.min.css' [9:47719] Error in declaration. '*' is not allowed as first char of a property.
2024-02-20T12:09:47.817Z  WARN 25191 --- [pool-3-thread-1] c.g.htmlunit.DefaultCssErrorHandler      : CSS error: 'http://localhost/webjars/bootstrap/2.3.2/css/bootstrap.min.css' [9:48096] Error in declaration. '*' is not allowed as first char of a property.
2024-02-20T12:09:47.818Z  WARN 25191 --- [pool-3-thread-1] c.g.htmlunit.DefaultCssErrorHandler      : CSS error: 'http://localhost/webjars/bootstrap/2.3.2/css/bootstrap.min.css' [9:48481] Error in declaration. '*' is not allowed as first char of a property.
2024-02-20T12:09:47.819Z  WARN 25191 --- [pool-3-thread-1] c.g.htmlunit.DefaultCssErrorHandler      : CSS error: 'http://localhost/webjars/bootstrap/2.3.2/css/bootstrap.min.css' [9:48835] Error in declaration. '*' is not allowed as first char of a property.
2024-02-20T12:09:47.819Z  WARN 25191 --- [pool-3-thread-1] c.g.htmlunit.DefaultCssErrorHandler      : CSS error: 'http://localhost/webjars/bootstrap/2.3.2/css/bootstrap.min.css' [9:48927] Error in declaration. '*' is not allowed as first char of a property.
2024-02-20T12:09:47.822Z  WARN 25191 --- [pool-3-thread-1] c.g.htmlunit.DefaultCssErrorHandler      : CSS error: 'http://localhost/webjars/bootstrap/2.3.2/css/bootstrap.min.css' [9:50816] Error in declaration. '*' is not allowed as first char of a property.
2024-02-20T12:09:47.822Z  WARN 25191 --- [pool-3-thread-1] c.g.htmlunit.DefaultCssErrorHandler      : CSS error: 'http://localhost/webjars/bootstrap/2.3.2/css/bootstrap.min.css' [9:51583] Error in declaration. '*' is not allowed as first char of a property.
2024-02-20T12:09:47.823Z  WARN 25191 --- [pool-3-thread-1] c.g.htmlunit.DefaultCssErrorHandler      : CSS error: 'http://localhost/webjars/bootstrap/2.3.2/css/bootstrap.min.css' [9:51761] Error in declaration. '*' is not allowed as first char of a property.
2024-02-20T12:09:47.823Z  WARN 25191 --- [pool-3-thread-1] c.g.htmlunit.DefaultCssErrorHandler      : CSS error: 'http://localhost/webjars/bootstrap/2.3.2/css/bootstrap.min.css' [9:52570] Error in declaration. '*' is not allowed as first char of a property.
2024-02-20T12:09:47.824Z  WARN 25191 --- [pool-3-thread-1] c.g.htmlunit.DefaultCssErrorHandler      : CSS error: 'http://localhost/webjars/bootstrap/2.3.2/css/bootstrap.min.css' [9:52750] Error in declaration. '*' is not allowed as first char of a property.
2024-02-20T12:09:47.824Z  WARN 25191 --- [pool-3-thread-1] c.g.htmlunit.DefaultCssErrorHandler      : CSS error: 'http://localhost/webjars/bootstrap/2.3.2/css/bootstrap.min.css' [9:53553] Error in declaration. '*' is not allowed as first char of a property.
2024-02-20T12:09:47.824Z  WARN 25191 --- [pool-3-thread-1] c.g.htmlunit.DefaultCssErrorHandler      : CSS error: 'http://localhost/webjars/bootstrap/2.3.2/css/bootstrap.min.css' [9:53732] Error in declaration. '*' is not allowed as first char of a property.
2024-02-20T12:09:47.825Z  WARN 25191 --- [pool-3-thread-1] c.g.htmlunit.DefaultCssErrorHandler      : CSS error: 'http://localhost/webjars/bootstrap/2.3.2/css/bootstrap.min.css' [9:54541] Error in declaration. '*' is not allowed as first char of a property.
2024-02-20T12:09:47.825Z  WARN 25191 --- [pool-3-thread-1] c.g.htmlunit.DefaultCssErrorHandler      : CSS error: 'http://localhost/webjars/bootstrap/2.3.2/css/bootstrap.min.css' [9:54719] Error in declaration. '*' is not allowed as first char of a property.
2024-02-20T12:09:47.826Z  WARN 25191 --- [pool-3-thread-1] c.g.htmlunit.DefaultCssErrorHandler      : CSS error: 'http://localhost/webjars/bootstrap/2.3.2/css/bootstrap.min.css' [9:55510] Error in declaration. '*' is not allowed as first char of a property.
2024-02-20T12:09:47.827Z  WARN 25191 --- [pool-3-thread-1] c.g.htmlunit.DefaultCssErrorHandler      : CSS error: 'http://localhost/webjars/bootstrap/2.3.2/css/bootstrap.min.css' [9:55685] Error in declaration. '*' is not allowed as first char of a property.
2024-02-20T12:09:47.828Z  WARN 25191 --- [pool-3-thread-1] c.g.htmlunit.DefaultCssErrorHandler      : CSS error: 'http://localhost/webjars/bootstrap/2.3.2/css/bootstrap.min.css' [9:56449] Error in declaration. '*' is not allowed as first char of a property.
2024-02-20T12:09:47.828Z  WARN 25191 --- [pool-3-thread-1] c.g.htmlunit.DefaultCssErrorHandler      : CSS error: 'http://localhost/webjars/bootstrap/2.3.2/css/bootstrap.min.css' [9:56579] Error in declaration. '*' is not allowed as first char of a property.
2024-02-20T12:09:47.828Z  WARN 25191 --- [pool-3-thread-1] c.g.htmlunit.DefaultCssErrorHandler      : CSS error: 'http://localhost/webjars/bootstrap/2.3.2/css/bootstrap.min.css' [9:56596] Error in declaration. '*' is not allowed as first char of a property.
2024-02-20T12:09:47.828Z  WARN 25191 --- [pool-3-thread-1] c.g.htmlunit.DefaultCssErrorHandler      : CSS error: 'http://localhost/webjars/bootstrap/2.3.2/css/bootstrap.min.css' [9:56763] Error in declaration. '*' is not allowed as first char of a property.
2024-02-20T12:09:47.829Z  WARN 25191 --- [pool-3-thread-1] c.g.htmlunit.DefaultCssErrorHandler      : CSS error: 'http://localhost/webjars/bootstrap/2.3.2/css/bootstrap.min.css' [9:56780] Error in declaration. '*' is not allowed as first char of a property.
2024-02-20T12:09:47.829Z  WARN 25191 --- [pool-3-thread-1] c.g.htmlunit.DefaultCssErrorHandler      : CSS error: 'http://localhost/webjars/bootstrap/2.3.2/css/bootstrap.min.css' [9:56856] Error in declaration. '*' is not allowed as first char of a property.
2024-02-20T12:09:47.829Z  WARN 25191 --- [pool-3-thread-1] c.g.htmlunit.DefaultCssErrorHandler      : CSS error: 'http://localhost/webjars/bootstrap/2.3.2/css/bootstrap.min.css' [9:56873] Error in declaration. '*' is not allowed as first char of a property.
2024-02-20T12:09:47.829Z  WARN 25191 --- [pool-3-thread-1] c.g.htmlunit.DefaultCssErrorHandler      : CSS error: 'http://localhost/webjars/bootstrap/2.3.2/css/bootstrap.min.css' [9:56947] Error in declaration. '*' is not allowed as first char of a property.
2024-02-20T12:09:47.829Z  WARN 25191 --- [pool-3-thread-1] c.g.htmlunit.DefaultCssErrorHandler      : CSS error: 'http://localhost/webjars/bootstrap/2.3.2/css/bootstrap.min.css' [9:56964] Error in declaration. '*' is not allowed as first char of a property.
2024-02-20T12:09:47.829Z  WARN 25191 --- [pool-3-thread-1] c.g.htmlunit.DefaultCssErrorHandler      : CSS error: 'http://localhost/webjars/bootstrap/2.3.2/css/bootstrap.min.css' [9:57500] Error in declaration. '*' is not allowed as first char of a property.
2024-02-20T12:09:47.830Z  WARN 25191 --- [pool-3-thread-1] c.g.htmlunit.DefaultCssErrorHandler      : CSS error: 'http://localhost/webjars/bootstrap/2.3.2/css/bootstrap.min.css' [9:57516] Error in declaration. '*' is not allowed as first char of a property.
2024-02-20T12:09:47.830Z  WARN 25191 --- [pool-3-thread-1] c.g.htmlunit.DefaultCssErrorHandler      : CSS error: 'http://localhost/webjars/bootstrap/2.3.2/css/bootstrap.min.css' [9:57587] Error in declaration. '*' is not allowed as first char of a property.
2024-02-20T12:09:47.830Z  WARN 25191 --- [pool-3-thread-1] c.g.htmlunit.DefaultCssErrorHandler      : CSS error: 'http://localhost/webjars/bootstrap/2.3.2/css/bootstrap.min.css' [9:57618] Error in declaration. '*' is not allowed as first char of a property.
2024-02-20T12:09:47.831Z  WARN 25191 --- [pool-3-thread-1] c.g.htmlunit.DefaultCssErrorHandler      : CSS error: 'http://localhost/webjars/bootstrap/2.3.2/css/bootstrap.min.css' [9:59369] Error in declaration. '*' is not allowed as first char of a property.
2024-02-20T12:09:47.831Z  WARN 25191 --- [pool-3-thread-1] c.g.htmlunit.DefaultCssErrorHandler      : CSS error: 'http://localhost/webjars/bootstrap/2.3.2/css/bootstrap.min.css' [9:59404] Error in declaration. '*' is not allowed as first char of a property.
2024-02-20T12:09:47.832Z  WARN 25191 --- [pool-3-thread-1] c.g.htmlunit.DefaultCssErrorHandler      : CSS error: 'http://localhost/webjars/bootstrap/2.3.2/css/bootstrap.min.css' [9:59828] Error in declaration. '*' is not allowed as first char of a property.
2024-02-20T12:09:47.833Z  WARN 25191 --- [pool-3-thread-1] c.g.htmlunit.DefaultCssErrorHandler      : CSS error: 'http://localhost/webjars/bootstrap/2.3.2/css/bootstrap.min.css' [9:59863] Error in declaration. '*' is not allowed as first char of a property.
2024-02-20T12:09:47.833Z  WARN 25191 --- [pool-3-thread-1] c.g.htmlunit.DefaultCssErrorHandler      : CSS error: 'http://localhost/webjars/bootstrap/2.3.2/css/bootstrap.min.css' [9:59939] Error in declaration. '*' is not allowed as first char of a property.
2024-02-20T12:09:47.833Z  WARN 25191 --- [pool-3-thread-1] c.g.htmlunit.DefaultCssErrorHandler      : CSS error: 'http://localhost/webjars/bootstrap/2.3.2/css/bootstrap.min.css' [9:59956] Error in declaration. '*' is not allowed as first char of a property.
2024-02-20T12:09:47.833Z  WARN 25191 --- [pool-3-thread-1] c.g.htmlunit.DefaultCssErrorHandler      : CSS error: 'http://localhost/webjars/bootstrap/2.3.2/css/bootstrap.min.css' [9:60015] Error in declaration. '*' is not allowed as first char of a property.
2024-02-20T12:09:47.834Z  WARN 25191 --- [pool-3-thread-1] c.g.htmlunit.DefaultCssErrorHandler      : CSS error: 'http://localhost/webjars/bootstrap/2.3.2/css/bootstrap.min.css' [9:60051] Error in declaration. '*' is not allowed as first char of a property.
2024-02-20T12:09:47.835Z  WARN 25191 --- [pool-3-thread-1] c.g.htmlunit.DefaultCssErrorHandler      : CSS error: 'http://localhost/webjars/bootstrap/2.3.2/css/bootstrap.min.css' [9:61304] Error in declaration. '*' is not allowed as first char of a property.
2024-02-20T12:09:47.835Z  WARN 25191 --- [pool-3-thread-1] c.g.htmlunit.DefaultCssErrorHandler      : CSS error: 'http://localhost/webjars/bootstrap/2.3.2/css/bootstrap.min.css' [9:61320] Error in declaration. '*' is not allowed as first char of a property.
2024-02-20T12:09:47.838Z  WARN 25191 --- [pool-3-thread-1] c.g.htmlunit.DefaultCssErrorHandler      : CSS error: 'http://localhost/webjars/bootstrap/2.3.2/css/bootstrap.min.css' [9:63698] Error in declaration. '*' is not allowed as first char of a property.
2024-02-20T12:09:47.838Z  WARN 25191 --- [pool-3-thread-1] c.g.htmlunit.DefaultCssErrorHandler      : CSS error: 'http://localhost/webjars/bootstrap/2.3.2/css/bootstrap.min.css' [9:63736] Error in declaration. '*' is not allowed as first char of a property.
2024-02-20T12:09:47.839Z  WARN 25191 --- [pool-3-thread-1] c.g.htmlunit.DefaultCssErrorHandler      : CSS error: 'http://localhost/webjars/bootstrap/2.3.2/css/bootstrap.min.css' [9:63846] Error in declaration. '*' is not allowed as first char of a property.
2024-02-20T12:09:47.842Z  WARN 25191 --- [pool-3-thread-1] c.g.htmlunit.DefaultCssErrorHandler      : CSS error: 'http://localhost/webjars/bootstrap/2.3.2/css/bootstrap.min.css' [9:67002] Error in declaration. '*' is not allowed as first char of a property.
2024-02-20T12:09:47.843Z  WARN 25191 --- [pool-3-thread-1] c.g.htmlunit.DefaultCssErrorHandler      : CSS error: 'http://localhost/webjars/bootstrap/2.3.2/css/bootstrap.min.css' [9:68442] Error in declaration. '*' is not allowed as first char of a property.
2024-02-20T12:09:47.844Z  WARN 25191 --- [pool-3-thread-1] c.g.htmlunit.DefaultCssErrorHandler      : CSS error: 'http://localhost/webjars/bootstrap/2.3.2/css/bootstrap.min.css' [9:68927] Error in declaration. '*' is not allowed as first char of a property.
2024-02-20T12:09:47.844Z  WARN 25191 --- [pool-3-thread-1] c.g.htmlunit.DefaultCssErrorHandler      : CSS error: 'http://localhost/webjars/bootstrap/2.3.2/css/bootstrap.min.css' [9:69098] Error in declaration. '*' is not allowed as first char of a property.
2024-02-20T12:09:47.844Z  WARN 25191 --- [pool-3-thread-1] c.g.htmlunit.DefaultCssErrorHandler      : CSS error: 'http://localhost/webjars/bootstrap/2.3.2/css/bootstrap.min.css' [9:69117] Error in declaration. '*' is not allowed as first char of a property.
2024-02-20T12:09:47.845Z  WARN 25191 --- [pool-3-thread-1] c.g.htmlunit.DefaultCssErrorHandler      : CSS error: 'http://localhost/webjars/bootstrap/2.3.2/css/bootstrap.min.css' [9:69793] Error in declaration. '*' is not allowed as first char of a property.
2024-02-20T12:09:47.846Z  WARN 25191 --- [pool-3-thread-1] c.g.htmlunit.DefaultCssErrorHandler      : CSS error: 'http://localhost/webjars/bootstrap/2.3.2/css/bootstrap.min.css' [9:70809] Error in declaration. '*' is not allowed as first char of a property.
2024-02-20T12:09:47.849Z  WARN 25191 --- [pool-3-thread-1] c.g.htmlunit.DefaultCssErrorHandler      : CSS error: 'http://localhost/webjars/bootstrap/2.3.2/css/bootstrap.min.css' [9:73655] Error in declaration. '*' is not allowed as first char of a property.
2024-02-20T12:09:47.851Z  WARN 25191 --- [pool-3-thread-1] c.g.htmlunit.DefaultCssErrorHandler      : CSS error: 'http://localhost/webjars/bootstrap/2.3.2/css/bootstrap.min.css' [9:74756] Error in declaration. '*' is not allowed as first char of a property.
2024-02-20T12:09:47.855Z  WARN 25191 --- [pool-3-thread-1] c.g.htmlunit.DefaultCssErrorHandler      : CSS error: 'http://localhost/webjars/bootstrap/2.3.2/css/bootstrap.min.css' [9:80124] Error in declaration. '*' is not allowed as first char of a property.
2024-02-20T12:09:47.856Z  WARN 25191 --- [pool-3-thread-1] c.g.htmlunit.DefaultCssErrorHandler      : CSS error: 'http://localhost/webjars/bootstrap/2.3.2/css/bootstrap.min.css' [9:81020] Error in declaration. '*' is not allowed as first char of a property.
2024-02-20T12:09:47.857Z  WARN 25191 --- [pool-3-thread-1] c.g.htmlunit.DefaultCssErrorHandler      : CSS error: 'http://localhost/webjars/bootstrap/2.3.2/css/bootstrap.min.css' [9:81327] Error in declaration. '*' is not allowed as first char of a property.
2024-02-20T12:09:47.857Z  WARN 25191 --- [pool-3-thread-1] c.g.htmlunit.DefaultCssErrorHandler      : CSS error: 'http://localhost/webjars/bootstrap/2.3.2/css/bootstrap.min.css' [9:81368] Error in declaration. '*' is not allowed as first char of a property.
2024-02-20T12:09:47.857Z  WARN 25191 --- [pool-3-thread-1] c.g.htmlunit.DefaultCssErrorHandler      : CSS error: 'http://localhost/webjars/bootstrap/2.3.2/css/bootstrap.min.css' [9:81518] Error in declaration. '*' is not allowed as first char of a property.
2024-02-20T12:09:47.857Z  WARN 25191 --- [pool-3-thread-1] c.g.htmlunit.DefaultCssErrorHandler      : CSS error: 'http://localhost/webjars/bootstrap/2.3.2/css/bootstrap.min.css' [9:81631] Error in declaration. '*' is not allowed as first char of a property.
2024-02-20T12:09:47.860Z  WARN 25191 --- [pool-3-thread-1] c.g.htmlunit.DefaultCssErrorHandler      : CSS error: 'http://localhost/webjars/bootstrap/2.3.2/css/bootstrap.min.css' [9:84557] Error in declaration. '*' is not allowed as first char of a property.
2024-02-20T12:09:47.861Z  WARN 25191 --- [pool-3-thread-1] c.g.htmlunit.DefaultCssErrorHandler      : CSS error: 'http://localhost/webjars/bootstrap/2.3.2/css/bootstrap.min.css' [9:85540] Error in declaration. '*' is not allowed as first char of a property.
2024-02-20T12:09:47.862Z  WARN 25191 --- [pool-3-thread-1] c.g.htmlunit.DefaultCssErrorHandler      : CSS error: 'http://localhost/webjars/bootstrap/2.3.2/css/bootstrap.min.css' [9:86564] Error in declaration. '*' is not allowed as first char of a property.
2024-02-20T12:09:47.866Z  WARN 25191 --- [pool-3-thread-1] c.g.htmlunit.DefaultCssErrorHandler      : CSS error: 'http://localhost/webjars/bootstrap/2.3.2/css/bootstrap.min.css' [9:90155] Error in declaration. '*' is not allowed as first char of a property.
2024-02-20T12:09:47.867Z  WARN 25191 --- [pool-3-thread-1] c.g.htmlunit.DefaultCssErrorHandler      : CSS error: 'http://localhost/webjars/bootstrap/2.3.2/css/bootstrap.min.css' [9:91130] Error in declaration. '*' is not allowed as first char of a property.
2024-02-20T12:09:47.903Z  WARN 25191 --- [pool-3-thread-1] c.g.htmlunit.DefaultCssErrorHandler      : CSS error: 'http://localhost/webjars/bootstrap/2.3.2/css/bootstrap-responsive.min.css' [9:14] Error in declaration. '*' is not allowed as first char of a property.
2024-02-20T12:09:47.904Z  WARN 25191 --- [pool-3-thread-1] c.g.htmlunit.DefaultCssErrorHandler      : CSS error: 'http://localhost/webjars/bootstrap/2.3.2/css/bootstrap-responsive.min.css' [9:1158] Error in declaration. '*' is not allowed as first char of a property.
2024-02-20T12:09:47.906Z  WARN 25191 --- [pool-3-thread-1] c.g.htmlunit.DefaultCssErrorHandler      : CSS error: 'http://localhost/webjars/bootstrap/2.3.2/css/bootstrap-responsive.min.css' [9:2008] Error in declaration. '*' is not allowed as first char of a property.
2024-02-20T12:09:47.906Z  WARN 25191 --- [pool-3-thread-1] c.g.htmlunit.DefaultCssErrorHandler      : CSS error: 'http://localhost/webjars/bootstrap/2.3.2/css/bootstrap-responsive.min.css' [9:2228] Error in declaration. '*' is not allowed as first char of a property.
2024-02-20T12:09:47.907Z  WARN 25191 --- [pool-3-thread-1] c.g.htmlunit.DefaultCssErrorHandler      : CSS error: 'http://localhost/webjars/bootstrap/2.3.2/css/bootstrap-responsive.min.css' [9:2511] Error in declaration. '*' is not allowed as first char of a property.
2024-02-20T12:09:47.907Z  WARN 25191 --- [pool-3-thread-1] c.g.htmlunit.DefaultCssErrorHandler      : CSS error: 'http://localhost/webjars/bootstrap/2.3.2/css/bootstrap-responsive.min.css' [9:2581] Error in declaration. '*' is not allowed as first char of a property.
2024-02-20T12:09:47.908Z  WARN 25191 --- [pool-3-thread-1] c.g.htmlunit.DefaultCssErrorHandler      : CSS error: 'http://localhost/webjars/bootstrap/2.3.2/css/bootstrap-responsive.min.css' [9:2651] Error in declaration. '*' is not allowed as first char of a property.
2024-02-20T12:09:47.908Z  WARN 25191 --- [pool-3-thread-1] c.g.htmlunit.DefaultCssErrorHandler      : CSS error: 'http://localhost/webjars/bootstrap/2.3.2/css/bootstrap-responsive.min.css' [9:2719] Error in declaration. '*' is not allowed as first char of a property.
2024-02-20T12:09:47.908Z  WARN 25191 --- [pool-3-thread-1] c.g.htmlunit.DefaultCssErrorHandler      : CSS error: 'http://localhost/webjars/bootstrap/2.3.2/css/bootstrap-responsive.min.css' [9:2788] Error in declaration. '*' is not allowed as first char of a property.
2024-02-20T12:09:47.909Z  WARN 25191 --- [pool-3-thread-1] c.g.htmlunit.DefaultCssErrorHandler      : CSS error: 'http://localhost/webjars/bootstrap/2.3.2/css/bootstrap-responsive.min.css' [9:2857] Error in declaration. '*' is not allowed as first char of a property.
2024-02-20T12:09:47.909Z  WARN 25191 --- [pool-3-thread-1] c.g.htmlunit.DefaultCssErrorHandler      : CSS error: 'http://localhost/webjars/bootstrap/2.3.2/css/bootstrap-responsive.min.css' [9:2927] Error in declaration. '*' is not allowed as first char of a property.
2024-02-20T12:09:47.910Z  WARN 25191 --- [pool-3-thread-1] c.g.htmlunit.DefaultCssErrorHandler      : CSS error: 'http://localhost/webjars/bootstrap/2.3.2/css/bootstrap-responsive.min.css' [9:2997] Error in declaration. '*' is not allowed as first char of a property.
2024-02-20T12:09:47.910Z  WARN 25191 --- [pool-3-thread-1] c.g.htmlunit.DefaultCssErrorHandler      : CSS error: 'http://localhost/webjars/bootstrap/2.3.2/css/bootstrap-responsive.min.css' [9:3067] Error in declaration. '*' is not allowed as first char of a property.
2024-02-20T12:09:47.911Z  WARN 25191 --- [pool-3-thread-1] c.g.htmlunit.DefaultCssErrorHandler      : CSS error: 'http://localhost/webjars/bootstrap/2.3.2/css/bootstrap-responsive.min.css' [9:3138] Error in declaration. '*' is not allowed as first char of a property.
2024-02-20T12:09:47.911Z  WARN 25191 --- [pool-3-thread-1] c.g.htmlunit.DefaultCssErrorHandler      : CSS error: 'http://localhost/webjars/bootstrap/2.3.2/css/bootstrap-responsive.min.css' [9:3208] Error in declaration. '*' is not allowed as first char of a property.
2024-02-20T12:09:47.912Z  WARN 25191 --- [pool-3-thread-1] c.g.htmlunit.DefaultCssErrorHandler      : CSS error: 'http://localhost/webjars/bootstrap/2.3.2/css/bootstrap-responsive.min.css' [9:3278] Error in declaration. '*' is not allowed as first char of a property.
2024-02-20T12:09:47.912Z  WARN 25191 --- [pool-3-thread-1] c.g.htmlunit.DefaultCssErrorHandler      : CSS error: 'http://localhost/webjars/bootstrap/2.3.2/css/bootstrap-responsive.min.css' [9:3357] Error in declaration. '*' is not allowed as first char of a property.
2024-02-20T12:09:47.912Z  WARN 25191 --- [pool-3-thread-1] c.g.htmlunit.DefaultCssErrorHandler      : CSS error: 'http://localhost/webjars/bootstrap/2.3.2/css/bootstrap-responsive.min.css' [9:3455] Error in declaration. '*' is not allowed as first char of a property.
2024-02-20T12:09:47.913Z  WARN 25191 --- [pool-3-thread-1] c.g.htmlunit.DefaultCssErrorHandler      : CSS error: 'http://localhost/webjars/bootstrap/2.3.2/css/bootstrap-responsive.min.css' [9:3540] Error in declaration. '*' is not allowed as first char of a property.
2024-02-20T12:09:47.913Z  WARN 25191 --- [pool-3-thread-1] c.g.htmlunit.DefaultCssErrorHandler      : CSS error: 'http://localhost/webjars/bootstrap/2.3.2/css/bootstrap-responsive.min.css' [9:3636] Error in declaration. '*' is not allowed as first char of a property.
2024-02-20T12:09:47.913Z  WARN 25191 --- [pool-3-thread-1] c.g.htmlunit.DefaultCssErrorHandler      : CSS error: 'http://localhost/webjars/bootstrap/2.3.2/css/bootstrap-responsive.min.css' [9:3720] Error in declaration. '*' is not allowed as first char of a property.
2024-02-20T12:09:47.914Z  WARN 25191 --- [pool-3-thread-1] c.g.htmlunit.DefaultCssErrorHandler      : CSS error: 'http://localhost/webjars/bootstrap/2.3.2/css/bootstrap-responsive.min.css' [9:3816] Error in declaration. '*' is not allowed as first char of a property.
2024-02-20T12:09:47.914Z  WARN 25191 --- [pool-3-thread-1] c.g.htmlunit.DefaultCssErrorHandler      : CSS error: 'http://localhost/webjars/bootstrap/2.3.2/css/bootstrap-responsive.min.css' [9:3899] Error in declaration. '*' is not allowed as first char of a property.
2024-02-20T12:09:47.914Z  WARN 25191 --- [pool-3-thread-1] c.g.htmlunit.DefaultCssErrorHandler      : CSS error: 'http://localhost/webjars/bootstrap/2.3.2/css/bootstrap-responsive.min.css' [9:3994] Error in declaration. '*' is not allowed as first char of a property.
2024-02-20T12:09:47.915Z  WARN 25191 --- [pool-3-thread-1] c.g.htmlunit.DefaultCssErrorHandler      : CSS error: 'http://localhost/webjars/bootstrap/2.3.2/css/bootstrap-responsive.min.css' [9:4077] Error in declaration. '*' is not allowed as first char of a property.
2024-02-20T12:09:47.915Z  WARN 25191 --- [pool-3-thread-1] c.g.htmlunit.DefaultCssErrorHandler      : CSS error: 'http://localhost/webjars/bootstrap/2.3.2/css/bootstrap-responsive.min.css' [9:4172] Error in declaration. '*' is not allowed as first char of a property.
2024-02-20T12:09:47.915Z  WARN 25191 --- [pool-3-thread-1] c.g.htmlunit.DefaultCssErrorHandler      : CSS error: 'http://localhost/webjars/bootstrap/2.3.2/css/bootstrap-responsive.min.css' [9:4256] Error in declaration. '*' is not allowed as first char of a property.
2024-02-20T12:09:47.916Z  WARN 25191 --- [pool-3-thread-1] c.g.htmlunit.DefaultCssErrorHandler      : CSS error: 'http://localhost/webjars/bootstrap/2.3.2/css/bootstrap-responsive.min.css' [9:4351] Error in declaration. '*' is not allowed as first char of a property.
2024-02-20T12:09:47.916Z  WARN 25191 --- [pool-3-thread-1] c.g.htmlunit.DefaultCssErrorHandler      : CSS error: 'http://localhost/webjars/bootstrap/2.3.2/css/bootstrap-responsive.min.css' [9:4434] Error in declaration. '*' is not allowed as first char of a property.
2024-02-20T12:09:47.916Z  WARN 25191 --- [pool-3-thread-1] c.g.htmlunit.DefaultCssErrorHandler      : CSS error: 'http://localhost/webjars/bootstrap/2.3.2/css/bootstrap-responsive.min.css' [9:4530] Error in declaration. '*' is not allowed as first char of a property.
2024-02-20T12:09:47.917Z  WARN 25191 --- [pool-3-thread-1] c.g.htmlunit.DefaultCssErrorHandler      : CSS error: 'http://localhost/webjars/bootstrap/2.3.2/css/bootstrap-responsive.min.css' [9:4615] Error in declaration. '*' is not allowed as first char of a property.
2024-02-20T12:09:47.917Z  WARN 25191 --- [pool-3-thread-1] c.g.htmlunit.DefaultCssErrorHandler      : CSS error: 'http://localhost/webjars/bootstrap/2.3.2/css/bootstrap-responsive.min.css' [9:4709] Error in declaration. '*' is not allowed as first char of a property.
2024-02-20T12:09:47.918Z  WARN 25191 --- [pool-3-thread-1] c.g.htmlunit.DefaultCssErrorHandler      : CSS error: 'http://localhost/webjars/bootstrap/2.3.2/css/bootstrap-responsive.min.css' [9:4792] Error in declaration. '*' is not allowed as first char of a property.
2024-02-20T12:09:47.918Z  WARN 25191 --- [pool-3-thread-1] c.g.htmlunit.DefaultCssErrorHandler      : CSS error: 'http://localhost/webjars/bootstrap/2.3.2/css/bootstrap-responsive.min.css' [9:4888] Error in declaration. '*' is not allowed as first char of a property.
2024-02-20T12:09:47.918Z  WARN 25191 --- [pool-3-thread-1] c.g.htmlunit.DefaultCssErrorHandler      : CSS error: 'http://localhost/webjars/bootstrap/2.3.2/css/bootstrap-responsive.min.css' [9:4973] Error in declaration. '*' is not allowed as first char of a property.
2024-02-20T12:09:47.919Z  WARN 25191 --- [pool-3-thread-1] c.g.htmlunit.DefaultCssErrorHandler      : CSS error: 'http://localhost/webjars/bootstrap/2.3.2/css/bootstrap-responsive.min.css' [9:5068] Error in declaration. '*' is not allowed as first char of a property.
2024-02-20T12:09:47.919Z  WARN 25191 --- [pool-3-thread-1] c.g.htmlunit.DefaultCssErrorHandler      : CSS error: 'http://localhost/webjars/bootstrap/2.3.2/css/bootstrap-responsive.min.css' [9:5151] Error in declaration. '*' is not allowed as first char of a property.
2024-02-20T12:09:47.919Z  WARN 25191 --- [pool-3-thread-1] c.g.htmlunit.DefaultCssErrorHandler      : CSS error: 'http://localhost/webjars/bootstrap/2.3.2/css/bootstrap-responsive.min.css' [9:5248] Error in declaration. '*' is not allowed as first char of a property.
2024-02-20T12:09:47.919Z  WARN 25191 --- [pool-3-thread-1] c.g.htmlunit.DefaultCssErrorHandler      : CSS error: 'http://localhost/webjars/bootstrap/2.3.2/css/bootstrap-responsive.min.css' [9:5331] Error in declaration. '*' is not allowed as first char of a property.
2024-02-20T12:09:47.920Z  WARN 25191 --- [pool-3-thread-1] c.g.htmlunit.DefaultCssErrorHandler      : CSS error: 'http://localhost/webjars/bootstrap/2.3.2/css/bootstrap-responsive.min.css' [9:5427] Error in declaration. '*' is not allowed as first char of a property.
2024-02-20T12:09:47.921Z  WARN 25191 --- [pool-3-thread-1] c.g.htmlunit.DefaultCssErrorHandler      : CSS error: 'http://localhost/webjars/bootstrap/2.3.2/css/bootstrap-responsive.min.css' [9:6504] Error in declaration. '*' is not allowed as first char of a property.
2024-02-20T12:09:47.922Z  WARN 25191 --- [pool-3-thread-1] c.g.htmlunit.DefaultCssErrorHandler      : CSS error: 'http://localhost/webjars/bootstrap/2.3.2/css/bootstrap-responsive.min.css' [9:7347] Error in declaration. '*' is not allowed as first char of a property.
2024-02-20T12:09:47.922Z  WARN 25191 --- [pool-3-thread-1] c.g.htmlunit.DefaultCssErrorHandler      : CSS error: 'http://localhost/webjars/bootstrap/2.3.2/css/bootstrap-responsive.min.css' [9:7568] Error in declaration. '*' is not allowed as first char of a property.
2024-02-20T12:09:47.923Z  WARN 25191 --- [pool-3-thread-1] c.g.htmlunit.DefaultCssErrorHandler      : CSS error: 'http://localhost/webjars/bootstrap/2.3.2/css/bootstrap-responsive.min.css' [9:7851] Error in declaration. '*' is not allowed as first char of a property.
2024-02-20T12:09:47.923Z  WARN 25191 --- [pool-3-thread-1] c.g.htmlunit.DefaultCssErrorHandler      : CSS error: 'http://localhost/webjars/bootstrap/2.3.2/css/bootstrap-responsive.min.css' [9:7921] Error in declaration. '*' is not allowed as first char of a property.
2024-02-20T12:09:47.923Z  WARN 25191 --- [pool-3-thread-1] c.g.htmlunit.DefaultCssErrorHandler      : CSS error: 'http://localhost/webjars/bootstrap/2.3.2/css/bootstrap-responsive.min.css' [9:7991] Error in declaration. '*' is not allowed as first char of a property.
2024-02-20T12:09:47.924Z  WARN 25191 --- [pool-3-thread-1] c.g.htmlunit.DefaultCssErrorHandler      : CSS error: 'http://localhost/webjars/bootstrap/2.3.2/css/bootstrap-responsive.min.css' [9:8060] Error in declaration. '*' is not allowed as first char of a property.
2024-02-20T12:09:47.924Z  WARN 25191 --- [pool-3-thread-1] c.g.htmlunit.DefaultCssErrorHandler      : CSS error: 'http://localhost/webjars/bootstrap/2.3.2/css/bootstrap-responsive.min.css' [9:8129] Error in declaration. '*' is not allowed as first char of a property.
2024-02-20T12:09:47.924Z  WARN 25191 --- [pool-3-thread-1] c.g.htmlunit.DefaultCssErrorHandler      : CSS error: 'http://localhost/webjars/bootstrap/2.3.2/css/bootstrap-responsive.min.css' [9:8198] Error in declaration. '*' is not allowed as first char of a property.
2024-02-20T12:09:47.924Z  WARN 25191 --- [pool-3-thread-1] c.g.htmlunit.DefaultCssErrorHandler      : CSS error: 'http://localhost/webjars/bootstrap/2.3.2/css/bootstrap-responsive.min.css' [9:8267] Error in declaration. '*' is not allowed as first char of a property.
2024-02-20T12:09:47.925Z  WARN 25191 --- [pool-3-thread-1] c.g.htmlunit.DefaultCssErrorHandler      : CSS error: 'http://localhost/webjars/bootstrap/2.3.2/css/bootstrap-responsive.min.css' [9:8336] Error in declaration. '*' is not allowed as first char of a property.
2024-02-20T12:09:47.925Z  WARN 25191 --- [pool-3-thread-1] c.g.htmlunit.DefaultCssErrorHandler      : CSS error: 'http://localhost/webjars/bootstrap/2.3.2/css/bootstrap-responsive.min.css' [9:8406] Error in declaration. '*' is not allowed as first char of a property.
2024-02-20T12:09:47.925Z  WARN 25191 --- [pool-3-thread-1] c.g.htmlunit.DefaultCssErrorHandler      : CSS error: 'http://localhost/webjars/bootstrap/2.3.2/css/bootstrap-responsive.min.css' [9:8475] Error in declaration. '*' is not allowed as first char of a property.
2024-02-20T12:09:47.926Z  WARN 25191 --- [pool-3-thread-1] c.g.htmlunit.DefaultCssErrorHandler      : CSS error: 'http://localhost/webjars/bootstrap/2.3.2/css/bootstrap-responsive.min.css' [9:8543] Error in declaration. '*' is not allowed as first char of a property.
2024-02-20T12:09:47.926Z  WARN 25191 --- [pool-3-thread-1] c.g.htmlunit.DefaultCssErrorHandler      : CSS error: 'http://localhost/webjars/bootstrap/2.3.2/css/bootstrap-responsive.min.css' [9:8613] Error in declaration. '*' is not allowed as first char of a property.
2024-02-20T12:09:47.926Z  WARN 25191 --- [pool-3-thread-1] c.g.htmlunit.DefaultCssErrorHandler      : CSS error: 'http://localhost/webjars/bootstrap/2.3.2/css/bootstrap-responsive.min.css' [9:8692] Error in declaration. '*' is not allowed as first char of a property.
2024-02-20T12:09:47.927Z  WARN 25191 --- [pool-3-thread-1] c.g.htmlunit.DefaultCssErrorHandler      : CSS error: 'http://localhost/webjars/bootstrap/2.3.2/css/bootstrap-responsive.min.css' [9:8790] Error in declaration. '*' is not allowed as first char of a property.
2024-02-20T12:09:47.927Z  WARN 25191 --- [pool-3-thread-1] c.g.htmlunit.DefaultCssErrorHandler      : CSS error: 'http://localhost/webjars/bootstrap/2.3.2/css/bootstrap-responsive.min.css' [9:8874] Error in declaration. '*' is not allowed as first char of a property.
2024-02-20T12:09:47.927Z  WARN 25191 --- [pool-3-thread-1] c.g.htmlunit.DefaultCssErrorHandler      : CSS error: 'http://localhost/webjars/bootstrap/2.3.2/css/bootstrap-responsive.min.css' [9:8968] Error in declaration. '*' is not allowed as first char of a property.
2024-02-20T12:09:47.928Z  WARN 25191 --- [pool-3-thread-1] c.g.htmlunit.DefaultCssErrorHandler      : CSS error: 'http://localhost/webjars/bootstrap/2.3.2/css/bootstrap-responsive.min.css' [9:9052] Error in declaration. '*' is not allowed as first char of a property.
2024-02-20T12:09:47.928Z  WARN 25191 --- [pool-3-thread-1] c.g.htmlunit.DefaultCssErrorHandler      : CSS error: 'http://localhost/webjars/bootstrap/2.3.2/css/bootstrap-responsive.min.css' [9:9146] Error in declaration. '*' is not allowed as first char of a property.
2024-02-20T12:09:47.928Z  WARN 25191 --- [pool-3-thread-1] c.g.htmlunit.DefaultCssErrorHandler      : CSS error: 'http://localhost/webjars/bootstrap/2.3.2/css/bootstrap-responsive.min.css' [9:9228] Error in declaration. '*' is not allowed as first char of a property.
2024-02-20T12:09:47.928Z  WARN 25191 --- [pool-3-thread-1] c.g.htmlunit.DefaultCssErrorHandler      : CSS error: 'http://localhost/webjars/bootstrap/2.3.2/css/bootstrap-responsive.min.css' [9:9323] Error in declaration. '*' is not allowed as first char of a property.
2024-02-20T12:09:47.929Z  WARN 25191 --- [pool-3-thread-1] c.g.htmlunit.DefaultCssErrorHandler      : CSS error: 'http://localhost/webjars/bootstrap/2.3.2/css/bootstrap-responsive.min.css' [9:9405] Error in declaration. '*' is not allowed as first char of a property.
2024-02-20T12:09:47.929Z  WARN 25191 --- [pool-3-thread-1] c.g.htmlunit.DefaultCssErrorHandler      : CSS error: 'http://localhost/webjars/bootstrap/2.3.2/css/bootstrap-responsive.min.css' [9:9500] Error in declaration. '*' is not allowed as first char of a property.
2024-02-20T12:09:47.929Z  WARN 25191 --- [pool-3-thread-1] c.g.htmlunit.DefaultCssErrorHandler      : CSS error: 'http://localhost/webjars/bootstrap/2.3.2/css/bootstrap-responsive.min.css' [9:9583] Error in declaration. '*' is not allowed as first char of a property.
2024-02-20T12:09:47.929Z  WARN 25191 --- [pool-3-thread-1] c.g.htmlunit.DefaultCssErrorHandler      : CSS error: 'http://localhost/webjars/bootstrap/2.3.2/css/bootstrap-responsive.min.css' [9:9679] Error in declaration. '*' is not allowed as first char of a property.
2024-02-20T12:09:47.930Z  WARN 25191 --- [pool-3-thread-1] c.g.htmlunit.DefaultCssErrorHandler      : CSS error: 'http://localhost/webjars/bootstrap/2.3.2/css/bootstrap-responsive.min.css' [9:9763] Error in declaration. '*' is not allowed as first char of a property.
2024-02-20T12:09:47.930Z  WARN 25191 --- [pool-3-thread-1] c.g.htmlunit.DefaultCssErrorHandler      : CSS error: 'http://localhost/webjars/bootstrap/2.3.2/css/bootstrap-responsive.min.css' [9:9859] Error in declaration. '*' is not allowed as first char of a property.
2024-02-20T12:09:47.930Z  WARN 25191 --- [pool-3-thread-1] c.g.htmlunit.DefaultCssErrorHandler      : CSS error: 'http://localhost/webjars/bootstrap/2.3.2/css/bootstrap-responsive.min.css' [9:9942] Error in declaration. '*' is not allowed as first char of a property.
2024-02-20T12:09:47.930Z  WARN 25191 --- [pool-3-thread-1] c.g.htmlunit.DefaultCssErrorHandler      : CSS error: 'http://localhost/webjars/bootstrap/2.3.2/css/bootstrap-responsive.min.css' [9:10037] Error in declaration. '*' is not allowed as first char of a property.
2024-02-20T12:09:47.931Z  WARN 25191 --- [pool-3-thread-1] c.g.htmlunit.DefaultCssErrorHandler      : CSS error: 'http://localhost/webjars/bootstrap/2.3.2/css/bootstrap-responsive.min.css' [9:10120] Error in declaration. '*' is not allowed as first char of a property.
2024-02-20T12:09:47.931Z  WARN 25191 --- [pool-3-thread-1] c.g.htmlunit.DefaultCssErrorHandler      : CSS error: 'http://localhost/webjars/bootstrap/2.3.2/css/bootstrap-responsive.min.css' [9:10215] Error in declaration. '*' is not allowed as first char of a property.
2024-02-20T12:09:47.931Z  WARN 25191 --- [pool-3-thread-1] c.g.htmlunit.DefaultCssErrorHandler      : CSS error: 'http://localhost/webjars/bootstrap/2.3.2/css/bootstrap-responsive.min.css' [9:10298] Error in declaration. '*' is not allowed as first char of a property.
2024-02-20T12:09:47.931Z  WARN 25191 --- [pool-3-thread-1] c.g.htmlunit.DefaultCssErrorHandler      : CSS error: 'http://localhost/webjars/bootstrap/2.3.2/css/bootstrap-responsive.min.css' [9:10394] Error in declaration. '*' is not allowed as first char of a property.
2024-02-20T12:09:47.932Z  WARN 25191 --- [pool-3-thread-1] c.g.htmlunit.DefaultCssErrorHandler      : CSS error: 'http://localhost/webjars/bootstrap/2.3.2/css/bootstrap-responsive.min.css' [9:10478] Error in declaration. '*' is not allowed as first char of a property.
2024-02-20T12:09:47.932Z  WARN 25191 --- [pool-3-thread-1] c.g.htmlunit.DefaultCssErrorHandler      : CSS error: 'http://localhost/webjars/bootstrap/2.3.2/css/bootstrap-responsive.min.css' [9:10574] Error in declaration. '*' is not allowed as first char of a property.
2024-02-20T12:09:47.932Z  WARN 25191 --- [pool-3-thread-1] c.g.htmlunit.DefaultCssErrorHandler      : CSS error: 'http://localhost/webjars/bootstrap/2.3.2/css/bootstrap-responsive.min.css' [9:10657] Error in declaration. '*' is not allowed as first char of a property.
2024-02-20T12:09:47.932Z  WARN 25191 --- [pool-3-thread-1] c.g.htmlunit.DefaultCssErrorHandler      : CSS error: 'http://localhost/webjars/bootstrap/2.3.2/css/bootstrap-responsive.min.css' [9:10752] Error in declaration. '*' is not allowed as first char of a property.
2024-02-20T12:09:49.020Z  WARN 25191 --- [pool-5-thread-1] c.g.htmlunit.DefaultCssErrorHandler      : CSS error: 'http://localhost/webjars/bootstrap/2.3.2/css/bootstrap.min.css' [9:14] Error in declaration. '*' is not allowed as first char of a property.
2024-02-20T12:09:49.020Z  WARN 25191 --- [pool-5-thread-1] c.g.htmlunit.DefaultCssErrorHandler      : CSS error: 'http://localhost/webjars/bootstrap/2.3.2/css/bootstrap.min.css' [9:482] Error in declaration. '*' is not allowed as first char of a property.
2024-02-20T12:09:49.021Z  WARN 25191 --- [pool-5-thread-1] c.g.htmlunit.DefaultCssErrorHandler      : CSS error: 'http://localhost/webjars/bootstrap/2.3.2/css/bootstrap.min.css' [9:498] Error in declaration. '*' is not allowed as first char of a property.
2024-02-20T12:09:49.021Z  WARN 25191 --- [pool-5-thread-1] c.g.htmlunit.DefaultCssErrorHandler      : CSS error: 'http://localhost/webjars/bootstrap/2.3.2/css/bootstrap.min.css' [9:1093] Error in declaration. '*' is not allowed as first char of a property.
2024-02-20T12:09:49.023Z  WARN 25191 --- [pool-5-thread-1] c.g.htmlunit.DefaultCssErrorHandler      : CSS error: 'http://localhost/webjars/bootstrap/2.3.2/css/bootstrap.min.css' [9:2939] Error in declaration. '*' is not allowed as first char of a property.
2024-02-20T12:09:49.024Z  WARN 25191 --- [pool-5-thread-1] c.g.htmlunit.DefaultCssErrorHandler      : CSS error: 'http://localhost/webjars/bootstrap/2.3.2/css/bootstrap.min.css' [9:3783] Error in declaration. '*' is not allowed as first char of a property.
2024-02-20T12:09:49.025Z  WARN 25191 --- [pool-5-thread-1] c.g.htmlunit.DefaultCssErrorHandler      : CSS error: 'http://localhost/webjars/bootstrap/2.3.2/css/bootstrap.min.css' [9:4003] Error in declaration. '*' is not allowed as first char of a property.
2024-02-20T12:09:49.027Z  WARN 25191 --- [pool-5-thread-1] c.g.htmlunit.DefaultCssErrorHandler      : CSS error: 'http://localhost/webjars/bootstrap/2.3.2/css/bootstrap.min.css' [9:4285] Error in declaration. '*' is not allowed as first char of a property.
2024-02-20T12:09:49.027Z  WARN 25191 --- [pool-5-thread-1] c.g.htmlunit.DefaultCssErrorHandler      : CSS error: 'http://localhost/webjars/bootstrap/2.3.2/css/bootstrap.min.css' [9:4355] Error in declaration. '*' is not allowed as first char of a property.
2024-02-20T12:09:49.028Z  WARN 25191 --- [pool-5-thread-1] c.g.htmlunit.DefaultCssErrorHandler      : CSS error: 'http://localhost/webjars/bootstrap/2.3.2/css/bootstrap.min.css' [9:4425] Error in declaration. '*' is not allowed as first char of a property.
2024-02-20T12:09:49.028Z  WARN 25191 --- [pool-5-thread-1] c.g.htmlunit.DefaultCssErrorHandler      : CSS error: 'http://localhost/webjars/bootstrap/2.3.2/css/bootstrap.min.css' [9:4494] Error in declaration. '*' is not allowed as first char of a property.
2024-02-20T12:09:49.028Z  WARN 25191 --- [pool-5-thread-1] c.g.htmlunit.DefaultCssErrorHandler      : CSS error: 'http://localhost/webjars/bootstrap/2.3.2/css/bootstrap.min.css' [9:4563] Error in declaration. '*' is not allowed as first char of a property.
2024-02-20T12:09:49.029Z  WARN 25191 --- [pool-5-thread-1] c.g.htmlunit.DefaultCssErrorHandler      : CSS error: 'http://localhost/webjars/bootstrap/2.3.2/css/bootstrap.min.css' [9:4632] Error in declaration. '*' is not allowed as first char of a property.
2024-02-20T12:09:49.029Z  WARN 25191 --- [pool-5-thread-1] c.g.htmlunit.DefaultCssErrorHandler      : CSS error: 'http://localhost/webjars/bootstrap/2.3.2/css/bootstrap.min.css' [9:4701] Error in declaration. '*' is not allowed as first char of a property.
2024-02-20T12:09:49.030Z  WARN 25191 --- [pool-5-thread-1] c.g.htmlunit.DefaultCssErrorHandler      : CSS error: 'http://localhost/webjars/bootstrap/2.3.2/css/bootstrap.min.css' [9:4770] Error in declaration. '*' is not allowed as first char of a property.
2024-02-20T12:09:49.030Z  WARN 25191 --- [pool-5-thread-1] c.g.htmlunit.DefaultCssErrorHandler      : CSS error: 'http://localhost/webjars/bootstrap/2.3.2/css/bootstrap.min.css' [9:4840] Error in declaration. '*' is not allowed as first char of a property.
2024-02-20T12:09:49.030Z  WARN 25191 --- [pool-5-thread-1] c.g.htmlunit.DefaultCssErrorHandler      : CSS error: 'http://localhost/webjars/bootstrap/2.3.2/css/bootstrap.min.css' [9:4911] Error in declaration. '*' is not allowed as first char of a property.
2024-02-20T12:09:49.031Z  WARN 25191 --- [pool-5-thread-1] c.g.htmlunit.DefaultCssErrorHandler      : CSS error: 'http://localhost/webjars/bootstrap/2.3.2/css/bootstrap.min.css' [9:4982] Error in declaration. '*' is not allowed as first char of a property.
2024-02-20T12:09:49.031Z  WARN 25191 --- [pool-5-thread-1] c.g.htmlunit.DefaultCssErrorHandler      : CSS error: 'http://localhost/webjars/bootstrap/2.3.2/css/bootstrap.min.css' [9:5052] Error in declaration. '*' is not allowed as first char of a property.
2024-02-20T12:09:49.032Z  WARN 25191 --- [pool-5-thread-1] c.g.htmlunit.DefaultCssErrorHandler      : CSS error: 'http://localhost/webjars/bootstrap/2.3.2/css/bootstrap.min.css' [9:5131] Error in declaration. '*' is not allowed as first char of a property.
2024-02-20T12:09:49.032Z  WARN 25191 --- [pool-5-thread-1] c.g.htmlunit.DefaultCssErrorHandler      : CSS error: 'http://localhost/webjars/bootstrap/2.3.2/css/bootstrap.min.css' [9:5229] Error in declaration. '*' is not allowed as first char of a property.
2024-02-20T12:09:49.033Z  WARN 25191 --- [pool-5-thread-1] c.g.htmlunit.DefaultCssErrorHandler      : CSS error: 'http://localhost/webjars/bootstrap/2.3.2/css/bootstrap.min.css' [9:5314] Error in declaration. '*' is not allowed as first char of a property.
2024-02-20T12:09:49.033Z  WARN 25191 --- [pool-5-thread-1] c.g.htmlunit.DefaultCssErrorHandler      : CSS error: 'http://localhost/webjars/bootstrap/2.3.2/css/bootstrap.min.css' [9:5409] Error in declaration. '*' is not allowed as first char of a property.
2024-02-20T12:09:49.033Z  WARN 25191 --- [pool-5-thread-1] c.g.htmlunit.DefaultCssErrorHandler      : CSS error: 'http://localhost/webjars/bootstrap/2.3.2/css/bootstrap.min.css' [9:5493] Error in declaration. '*' is not allowed as first char of a property.
2024-02-20T12:09:49.034Z  WARN 25191 --- [pool-5-thread-1] c.g.htmlunit.DefaultCssErrorHandler      : CSS error: 'http://localhost/webjars/bootstrap/2.3.2/css/bootstrap.min.css' [9:5588] Error in declaration. '*' is not allowed as first char of a property.
2024-02-20T12:09:49.034Z  WARN 25191 --- [pool-5-thread-1] c.g.htmlunit.DefaultCssErrorHandler      : CSS error: 'http://localhost/webjars/bootstrap/2.3.2/css/bootstrap.min.css' [9:5671] Error in declaration. '*' is not allowed as first char of a property.
2024-02-20T12:09:49.035Z  WARN 25191 --- [pool-5-thread-1] c.g.htmlunit.DefaultCssErrorHandler      : CSS error: 'http://localhost/webjars/bootstrap/2.3.2/css/bootstrap.min.css' [9:5766] Error in declaration. '*' is not allowed as first char of a property.
2024-02-20T12:09:49.035Z  WARN 25191 --- [pool-5-thread-1] c.g.htmlunit.DefaultCssErrorHandler      : CSS error: 'http://localhost/webjars/bootstrap/2.3.2/css/bootstrap.min.css' [9:5848] Error in declaration. '*' is not allowed as first char of a property.
2024-02-20T12:09:49.035Z  WARN 25191 --- [pool-5-thread-1] c.g.htmlunit.DefaultCssErrorHandler      : CSS error: 'http://localhost/webjars/bootstrap/2.3.2/css/bootstrap.min.css' [9:5943] Error in declaration. '*' is not allowed as first char of a property.
2024-02-20T12:09:49.036Z  WARN 25191 --- [pool-5-thread-1] c.g.htmlunit.DefaultCssErrorHandler      : CSS error: 'http://localhost/webjars/bootstrap/2.3.2/css/bootstrap.min.css' [9:6025] Error in declaration. '*' is not allowed as first char of a property.
2024-02-20T12:09:49.036Z  WARN 25191 --- [pool-5-thread-1] c.g.htmlunit.DefaultCssErrorHandler      : CSS error: 'http://localhost/webjars/bootstrap/2.3.2/css/bootstrap.min.css' [9:6121] Error in declaration. '*' is not allowed as first char of a property.
2024-02-20T12:09:49.036Z  WARN 25191 --- [pool-5-thread-1] c.g.htmlunit.DefaultCssErrorHandler      : CSS error: 'http://localhost/webjars/bootstrap/2.3.2/css/bootstrap.min.css' [9:6205] Error in declaration. '*' is not allowed as first char of a property.
2024-02-20T12:09:49.036Z  WARN 25191 --- [pool-5-thread-1] c.g.htmlunit.DefaultCssErrorHandler      : CSS error: 'http://localhost/webjars/bootstrap/2.3.2/css/bootstrap.min.css' [9:6302] Error in declaration. '*' is not allowed as first char of a property.
2024-02-20T12:09:49.037Z  WARN 25191 --- [pool-5-thread-1] c.g.htmlunit.DefaultCssErrorHandler      : CSS error: 'http://localhost/webjars/bootstrap/2.3.2/css/bootstrap.min.css' [9:6385] Error in declaration. '*' is not allowed as first char of a property.
2024-02-20T12:09:49.037Z  WARN 25191 --- [pool-5-thread-1] c.g.htmlunit.DefaultCssErrorHandler      : CSS error: 'http://localhost/webjars/bootstrap/2.3.2/css/bootstrap.min.css' [9:6479] Error in declaration. '*' is not allowed as first char of a property.
2024-02-20T12:09:49.038Z  WARN 25191 --- [pool-5-thread-1] c.g.htmlunit.DefaultCssErrorHandler      : CSS error: 'http://localhost/webjars/bootstrap/2.3.2/css/bootstrap.min.css' [9:6562] Error in declaration. '*' is not allowed as first char of a property.
2024-02-20T12:09:49.038Z  WARN 25191 --- [pool-5-thread-1] c.g.htmlunit.DefaultCssErrorHandler      : CSS error: 'http://localhost/webjars/bootstrap/2.3.2/css/bootstrap.min.css' [9:6657] Error in declaration. '*' is not allowed as first char of a property.
2024-02-20T12:09:49.038Z  WARN 25191 --- [pool-5-thread-1] c.g.htmlunit.DefaultCssErrorHandler      : CSS error: 'http://localhost/webjars/bootstrap/2.3.2/css/bootstrap.min.css' [9:6741] Error in declaration. '*' is not allowed as first char of a property.
2024-02-20T12:09:49.039Z  WARN 25191 --- [pool-5-thread-1] c.g.htmlunit.DefaultCssErrorHandler      : CSS error: 'http://localhost/webjars/bootstrap/2.3.2/css/bootstrap.min.css' [9:6835] Error in declaration. '*' is not allowed as first char of a property.
2024-02-20T12:09:49.039Z  WARN 25191 --- [pool-5-thread-1] c.g.htmlunit.DefaultCssErrorHandler      : CSS error: 'http://localhost/webjars/bootstrap/2.3.2/css/bootstrap.min.css' [9:6920] Error in declaration. '*' is not allowed as first char of a property.
2024-02-20T12:09:49.039Z  WARN 25191 --- [pool-5-thread-1] c.g.htmlunit.DefaultCssErrorHandler      : CSS error: 'http://localhost/webjars/bootstrap/2.3.2/css/bootstrap.min.css' [9:7015] Error in declaration. '*' is not allowed as first char of a property.
2024-02-20T12:09:49.039Z  WARN 25191 --- [pool-5-thread-1] c.g.htmlunit.DefaultCssErrorHandler      : CSS error: 'http://localhost/webjars/bootstrap/2.3.2/css/bootstrap.min.css' [9:7100] Error in declaration. '*' is not allowed as first char of a property.
2024-02-20T12:09:49.040Z  WARN 25191 --- [pool-5-thread-1] c.g.htmlunit.DefaultCssErrorHandler      : CSS error: 'http://localhost/webjars/bootstrap/2.3.2/css/bootstrap.min.css' [9:7194] Error in declaration. '*' is not allowed as first char of a property.
2024-02-20T12:09:49.040Z  WARN 25191 --- [pool-5-thread-1] c.g.htmlunit.DefaultCssErrorHandler      : CSS error: 'http://localhost/webjars/bootstrap/2.3.2/css/bootstrap.min.css' [9:7415] Error in declaration. '*' is not allowed as first char of a property.
2024-02-20T12:09:49.040Z  WARN 25191 --- [pool-5-thread-1] c.g.htmlunit.DefaultCssErrorHandler      : CSS error: 'http://localhost/webjars/bootstrap/2.3.2/css/bootstrap.min.css' [9:7579] Error in declaration. '*' is not allowed as first char of a property.
2024-02-20T12:09:49.041Z  WARN 25191 --- [pool-5-thread-1] c.g.htmlunit.DefaultCssErrorHandler      : CSS error: 'http://localhost/webjars/bootstrap/2.3.2/css/bootstrap.min.css' [9:9158] Error in declaration. '*' is not allowed as first char of a property.
2024-02-20T12:09:49.042Z  WARN 25191 --- [pool-5-thread-1] c.g.htmlunit.DefaultCssErrorHandler      : CSS error: 'http://localhost/webjars/bootstrap/2.3.2/css/bootstrap.min.css' [9:9209] Error in declaration. '*' is not allowed as first char of a property.
2024-02-20T12:09:49.042Z  WARN 25191 --- [pool-5-thread-1] c.g.htmlunit.DefaultCssErrorHandler      : CSS error: 'http://localhost/webjars/bootstrap/2.3.2/css/bootstrap.min.css' [9:9317] Error in declaration. '*' is not allowed as first char of a property.
2024-02-20T12:09:49.046Z  WARN 25191 --- [pool-5-thread-1] c.g.htmlunit.DefaultCssErrorHandler      : CSS error: 'http://localhost/webjars/bootstrap/2.3.2/css/bootstrap.min.css' [9:13833] Error in declaration. '*' is not allowed as first char of a property.
2024-02-20T12:09:49.046Z  WARN 25191 --- [pool-5-thread-1] c.g.htmlunit.DefaultCssErrorHandler      : CSS error: 'http://localhost/webjars/bootstrap/2.3.2/css/bootstrap.min.css' [9:14059] Error in declaration. '*' is not allowed as first char of a property.
2024-02-20T12:09:49.048Z  WARN 25191 --- [pool-5-thread-1] c.g.htmlunit.DefaultCssErrorHandler      : CSS error: 'http://localhost/webjars/bootstrap/2.3.2/css/bootstrap.min.css' [9:17068] Error in declaration. '*' is not allowed as first char of a property.
2024-02-20T12:09:49.052Z  WARN 25191 --- [pool-5-thread-1] c.g.htmlunit.DefaultCssErrorHandler      : CSS error: 'http://localhost/webjars/bootstrap/2.3.2/css/bootstrap.min.css' [9:22114] Error in declaration. '*' is not allowed as first char of a property.
2024-02-20T12:09:49.052Z  WARN 25191 --- [pool-5-thread-1] c.g.htmlunit.DefaultCssErrorHandler      : CSS error: 'http://localhost/webjars/bootstrap/2.3.2/css/bootstrap.min.css' [9:22351] Error in declaration. '*' is not allowed as first char of a property.
2024-02-20T12:09:49.052Z  WARN 25191 --- [pool-5-thread-1] c.g.htmlunit.DefaultCssErrorHandler      : CSS error: 'http://localhost/webjars/bootstrap/2.3.2/css/bootstrap.min.css' [9:22406] Error in declaration. '*' is not allowed as first char of a property.
2024-02-20T12:09:49.053Z  WARN 25191 --- [pool-5-thread-1] c.g.htmlunit.DefaultCssErrorHandler      : CSS error: 'http://localhost/webjars/bootstrap/2.3.2/css/bootstrap.min.css' [9:22989] Error in declaration. '*' is not allowed as first char of a property.
2024-02-20T12:09:49.056Z  WARN 25191 --- [pool-5-thread-1] c.g.htmlunit.DefaultCssErrorHandler      : CSS error: 'http://localhost/webjars/bootstrap/2.3.2/css/bootstrap.min.css' [9:27152] Error in declaration. '*' is not allowed as first char of a property.
2024-02-20T12:09:49.056Z  WARN 25191 --- [pool-5-thread-1] c.g.htmlunit.DefaultCssErrorHandler      : CSS error: 'http://localhost/webjars/bootstrap/2.3.2/css/bootstrap.min.css' [9:27206] Error in declaration. '*' is not allowed as first char of a property.
2024-02-20T12:09:49.057Z  WARN 25191 --- [pool-5-thread-1] c.g.htmlunit.DefaultCssErrorHandler      : CSS error: 'http://localhost/webjars/bootstrap/2.3.2/css/bootstrap.min.css' [9:28034] Error in declaration. '*' is not allowed as first char of a property.
2024-02-20T12:09:49.057Z  WARN 25191 --- [pool-5-thread-1] c.g.htmlunit.DefaultCssErrorHandler      : CSS error: 'http://localhost/webjars/bootstrap/2.3.2/css/bootstrap.min.css' [9:28322] Error in declaration. '*' is not allowed as first char of a property.
2024-02-20T12:09:49.057Z  WARN 25191 --- [pool-5-thread-1] c.g.htmlunit.DefaultCssErrorHandler      : CSS error: 'http://localhost/webjars/bootstrap/2.3.2/css/bootstrap.min.css' [9:28344] Error in declaration. '*' is not allowed as first char of a property.
2024-02-20T12:09:49.057Z  WARN 25191 --- [pool-5-thread-1] c.g.htmlunit.DefaultCssErrorHandler      : CSS error: 'http://localhost/webjars/bootstrap/2.3.2/css/bootstrap.min.css' [9:28381] Error in declaration. '*' is not allowed as first char of a property.
2024-02-20T12:09:49.058Z  WARN 25191 --- [pool-5-thread-1] c.g.htmlunit.DefaultCssErrorHandler      : CSS error: 'http://localhost/webjars/bootstrap/2.3.2/css/bootstrap.min.css' [9:28435] Error in declaration. '*' is not allowed as first char of a property.
2024-02-20T12:09:49.058Z  WARN 25191 --- [pool-5-thread-1] c.g.htmlunit.DefaultCssErrorHandler      : CSS error: 'http://localhost/webjars/bootstrap/2.3.2/css/bootstrap.min.css' [9:29570] Error in declaration. '*' is not allowed as first char of a property.
2024-02-20T12:09:49.061Z  WARN 25191 --- [pool-5-thread-1] c.g.htmlunit.DefaultCssErrorHandler      : CSS error: 'http://localhost/webjars/bootstrap/2.3.2/css/bootstrap.min.css' [9:34332] Error in declaration. '*' is not allowed as first char of a property.
2024-02-20T12:09:49.069Z  WARN 25191 --- [pool-5-thread-1] c.g.htmlunit.DefaultCssErrorHandler      : CSS error: 'http://localhost/webjars/bootstrap/2.3.2/css/bootstrap.min.css' [9:41968] Error in declaration. '*' is not allowed as first char of a property.
2024-02-20T12:09:49.070Z  WARN 25191 --- [pool-5-thread-1] c.g.htmlunit.DefaultCssErrorHandler      : CSS error: 'http://localhost/webjars/bootstrap/2.3.2/css/bootstrap.min.css' [9:42487] Error in declaration. '*' is not allowed as first char of a property.
2024-02-20T12:09:49.070Z  WARN 25191 --- [pool-5-thread-1] c.g.htmlunit.DefaultCssErrorHandler      : CSS error: 'http://localhost/webjars/bootstrap/2.3.2/css/bootstrap.min.css' [9:42511] Error in declaration. '*' is not allowed as first char of a property.
2024-02-20T12:09:49.071Z  WARN 25191 --- [pool-5-thread-1] c.g.htmlunit.DefaultCssErrorHandler      : CSS error: 'http://localhost/webjars/bootstrap/2.3.2/css/bootstrap.min.css' [9:42891] Error in declaration. '*' is not allowed as first char of a property.
2024-02-20T12:09:49.071Z  WARN 25191 --- [pool-5-thread-1] c.g.htmlunit.DefaultCssErrorHandler      : CSS error: 'http://localhost/webjars/bootstrap/2.3.2/css/bootstrap.min.css' [9:42929] Error in declaration. '*' is not allowed as first char of a property.
2024-02-20T12:09:49.072Z  WARN 25191 --- [pool-5-thread-1] c.g.htmlunit.DefaultCssErrorHandler      : CSS error: 'http://localhost/webjars/bootstrap/2.3.2/css/bootstrap.min.css' [9:44679] Error in declaration. '*' is not allowed as first char of a property.
2024-02-20T12:09:49.075Z  WARN 25191 --- [pool-5-thread-1] c.g.htmlunit.DefaultCssErrorHandler      : CSS error: 'http://localhost/webjars/bootstrap/2.3.2/css/bootstrap.min.css' [9:47484] Error in declaration. '*' is not allowed as first char of a property.
2024-02-20T12:09:49.075Z  WARN 25191 --- [pool-5-thread-1] c.g.htmlunit.DefaultCssErrorHandler      : CSS error: 'http://localhost/webjars/bootstrap/2.3.2/css/bootstrap.min.css' [9:47533] Error in declaration. '*' is not allowed as first char of a property.
2024-02-20T12:09:49.075Z  WARN 25191 --- [pool-5-thread-1] c.g.htmlunit.DefaultCssErrorHandler      : CSS error: 'http://localhost/webjars/bootstrap/2.3.2/css/bootstrap.min.css' [9:47719] Error in declaration. '*' is not allowed as first char of a property.
2024-02-20T12:09:49.076Z  WARN 25191 --- [pool-5-thread-1] c.g.htmlunit.DefaultCssErrorHandler      : CSS error: 'http://localhost/webjars/bootstrap/2.3.2/css/bootstrap.min.css' [9:48096] Error in declaration. '*' is not allowed as first char of a property.
2024-02-20T12:09:49.076Z  WARN 25191 --- [pool-5-thread-1] c.g.htmlunit.DefaultCssErrorHandler      : CSS error: 'http://localhost/webjars/bootstrap/2.3.2/css/bootstrap.min.css' [9:48481] Error in declaration. '*' is not allowed as first char of a property.
2024-02-20T12:09:49.077Z  WARN 25191 --- [pool-5-thread-1] c.g.htmlunit.DefaultCssErrorHandler      : CSS error: 'http://localhost/webjars/bootstrap/2.3.2/css/bootstrap.min.css' [9:48835] Error in declaration. '*' is not allowed as first char of a property.
2024-02-20T12:09:49.077Z  WARN 25191 --- [pool-5-thread-1] c.g.htmlunit.DefaultCssErrorHandler      : CSS error: 'http://localhost/webjars/bootstrap/2.3.2/css/bootstrap.min.css' [9:48927] Error in declaration. '*' is not allowed as first char of a property.
[...]
2024-02-20T12:09:49.145Z  WARN 25191 --- [pool-5-thread-1] c.g.htmlunit.DefaultCssErrorHandler      : CSS error: 'http://localhost/webjars/bootstrap/2.3.2/css/bootstrap-responsive.min.css' [9:2581] Error in declaration. '*' is not allowed as first char of a property.
2024-02-20T12:09:49.145Z  WARN 25191 --- [pool-5-thread-1] c.g.htmlunit.DefaultCssErrorHandler      : CSS error: 'http://localhost/webjars/bootstrap/2.3.2/css/bootstrap-responsive.min.css' [9:2651] Error in declaration. '*' is not allowed as first char of a property.
2024-02-20T12:09:49.146Z  WARN 25191 --- [pool-5-thread-1] c.g.htmlunit.DefaultCssErrorHandler      : CSS error: 'http://localhost/webjars/bootstrap/2.3.2/css/bootstrap-responsive.min.css' [9:2719] Error in declaration. '*' is not allowed as first char of a property.
2024-02-20T12:09:49.146Z  WARN 25191 --- [pool-5-thread-1] c.g.htmlunit.DefaultCssErrorHandler      : CSS error: 'http://localhost/webjars/bootstrap/2.3.2/css/bootstrap-responsive.min.css' [9:2788] Error in declaration. '*' is not allowed as first char of a property.
2024-02-20T12:09:49.146Z  WARN 25191 --- [pool-5-thread-1] c.g.htmlunit.DefaultCssErrorHandler      : CSS error: 'http://localhost/webjars/bootstrap/2.3.2/css/bootstrap-responsive.min.css' [9:2857] Error in declaration. '*' is not allowed as first char of a property.
2024-02-20T12:09:49.147Z  WARN 25191 --- [pool-5-thread-1] c.g.htmlunit.DefaultCssErrorHandler      : CSS error: 'http://localhost/webjars/bootstrap/2.3.2/css/bootstrap-responsive.min.css' [9:2927] Error in declaration. '*' is not allowed as first char of a property.
2024-02-20T12:09:49.147Z  WARN 25191 --- [pool-5-thread-1] c.g.htmlunit.DefaultCssErrorHandler      : CSS error: 'http://localhost/webjars/bootstrap/2.3.2/css/bootstrap-responsive.min.css' [9:2997] Error in declaration. '*' is not allowed as first char of a property.
2024-02-20T12:09:49.147Z  WARN 25191 --- [pool-5-thread-1] c.g.htmlunit.DefaultCssErrorHandler      : CSS error: 'http://localhost/webjars/bootstrap/2.3.2/css/bootstrap-responsive.min.css' [9:3067] Error in declaration. '*' is not allowed as first char of a property.
2024-02-20T12:09:49.147Z  WARN 25191 --- [pool-5-thread-1] c.g.htmlunit.DefaultCssErrorHandler      : CSS error: 'http://localhost/webjars/bootstrap/2.3.2/css/bootstrap-responsive.min.css' [9:3138] Error in declaration. '*' is not allowed as first char of a property.
2024-02-20T12:09:49.148Z  WARN 25191 --- [pool-5-thread-1] c.g.htmlunit.DefaultCssErrorHandler      : CSS error: 'http://localhost/webjars/bootstrap/2.3.2/css/bootstrap-responsive.min.css' [9:3208] Error in declaration. '*' is not allowed as first char of a property.
2024-02-20T12:09:49.148Z  WARN 25191 --- [pool-5-thread-1] c.g.htmlunit.DefaultCssErrorHandler      : CSS error: 'http://localhost/webjars/bootstrap/2.3.2/css/bootstrap-responsive.min.css' [9:3278] Error in declaration. '*' is not allowed as first char of a property.
2024-02-20T12:09:49.148Z  WARN 25191 --- [pool-5-thread-1] c.g.htmlunit.DefaultCssErrorHandler      : CSS error: 'http://localhost/webjars/bootstrap/2.3.2/css/bootstrap-responsive.min.css' [9:3357] Error in declaration. '*' is not allowed as first char of a property.
2024-02-20T12:09:49.149Z  WARN 25191 --- [pool-5-thread-1] c.g.htmlunit.DefaultCssErrorHandler      : CSS error: 'http://localhost/webjars/bootstrap/2.3.2/css/bootstrap-responsive.min.css' [9:3455] Error in declaration. '*' is not allowed as first char of a property.
2024-02-20T12:09:49.149Z  WARN 25191 --- [pool-5-thread-1] c.g.htmlunit.DefaultCssErrorHandler      : CSS error: 'http://localhost/webjars/bootstrap/2.3.2/css/bootstrap-responsive.min.css' [9:3540] Error in declaration. '*' is not allowed as first char of a property.
2024-02-20T12:09:49.149Z  WARN 25191 --- [pool-5-thread-1] c.g.htmlunit.DefaultCssErrorHandler      : CSS error: 'http://localhost/webjars/bootstrap/2.3.2/css/bootstrap-responsive.min.css' [9:3636] Error in declaration. '*' is not allowed as first char of a property.
2024-02-20T12:09:49.149Z  WARN 25191 --- [pool-5-thread-1] c.g.htmlunit.DefaultCssErrorHandler      : CSS error: 'http://localhost/webjars/bootstrap/2.3.2/css/bootstrap-responsive.min.css' [9:3720] Error in declaration. '*' is not allowed as first char of a property.
2024-02-20T12:09:49.150Z  WARN 25191 --- [pool-5-thread-1] c.g.htmlunit.DefaultCssErrorHandler      : CSS error: 'http://localhost/webjars/bootstrap/2.3.2/css/bootstrap-responsive.min.css' [9:3816] Error in declaration. '*' is not allowed as first char of a property.
2024-02-20T12:09:49.150Z  WARN 25191 --- [pool-5-thread-1] c.g.htmlunit.DefaultCssErrorHandler      : CSS error: 'http://localhost/webjars/bootstrap/2.3.2/css/bootstrap-responsive.min.css' [9:3899] Error in declaration. '*' is not allowed as first char of a property.
2024-02-20T12:09:49.150Z  WARN 25191 --- [pool-5-thread-1] c.g.htmlunit.DefaultCssErrorHandler      : CSS error: 'http://localhost/webjars/bootstrap/2.3.2/css/bootstrap-responsive.min.css' [9:3994] Error in declaration. '*' is not allowed as first char of a property.
2024-02-20T12:09:49.151Z  WARN 25191 --- [pool-5-thread-1] c.g.htmlunit.DefaultCssErrorHandler      : CSS error: 'http://localhost/webjars/bootstrap/2.3.2/css/bootstrap-responsive.min.css' [9:4077] Error in declaration. '*' is not allowed as first char of a property.
2024-02-20T12:09:49.151Z  WARN 25191 --- [pool-5-thread-1] c.g.htmlunit.DefaultCssErrorHandler      : CSS error: 'http://localhost/webjars/bootstrap/2.3.2/css/bootstrap-responsive.min.css' [9:4172] Error in declaration. '*' is not allowed as first char of a property.
2024-02-20T12:09:49.151Z  WARN 25191 --- [pool-5-thread-1] c.g.htmlunit.DefaultCssErrorHandler      : CSS error: 'http://localhost/webjars/bootstrap/2.3.2/css/bootstrap-responsive.min.css' [9:4256] Error in declaration. '*' is not allowed as first char of a property.
2024-02-20T12:09:49.152Z  WARN 25191 --- [pool-5-thread-1] c.g.htmlunit.DefaultCssErrorHandler      : CSS error: 'http://localhost/webjars/bootstrap/2.3.2/css/bootstrap-responsive.min.css' [9:4351] Error in declaration. '*' is not allowed as first char of a property.
2024-02-20T12:09:49.152Z  WARN 25191 --- [pool-5-thread-1] c.g.htmlunit.DefaultCssErrorHandler      : CSS error: 'http://localhost/webjars/bootstrap/2.3.2/css/bootstrap-responsive.min.css' [9:4434] Error in declaration. '*' is not allowed as first char of a property.
2024-02-20T12:09:49.152Z  WARN 25191 --- [pool-5-thread-1] c.g.htmlunit.DefaultCssErrorHandler      : CSS error: 'http://localhost/webjars/bootstrap/2.3.2/css/bootstrap-responsive.min.css' [9:4530] Error in declaration. '*' is not allowed as first char of a property.
2024-02-20T12:09:49.152Z  WARN 25191 --- [pool-5-thread-1] c.g.htmlunit.DefaultCssErrorHandler      : CSS error: 'http://localhost/webjars/bootstrap/2.3.2/css/bootstrap-responsive.min.css' [9:4615] Error in declaration. '*' is not allowed as first char of a property.
2024-02-20T12:09:49.153Z  WARN 25191 --- [pool-5-thread-1] c.g.htmlunit.DefaultCssErrorHandler      : CSS error: 'http://localhost/webjars/bootstrap/2.3.2/css/bootstrap-responsive.min.css' [9:4709] Error in declaration. '*' is not allowed as first char of a property.
2024-02-20T12:09:49.153Z  WARN 25191 --- [pool-5-thread-1] c.g.htmlunit.DefaultCssErrorHandler      : CSS error: 'http://localhost/webjars/bootstrap/2.3.2/css/bootstrap-responsive.min.css' [9:4792] Error in declaration. '*' is not allowed as first char of a property.
2024-02-20T12:09:49.153Z  WARN 25191 --- [pool-5-thread-1] c.g.htmlunit.DefaultCssErrorHandler      : CSS error: 'http://localhost/webjars/bootstrap/2.3.2/css/bootstrap-responsive.min.css' [9:4888] Error in declaration. '*' is not allowed as first char of a property.
2024-02-20T12:09:49.154Z  WARN 25191 --- [pool-5-thread-1] c.g.htmlunit.DefaultCssErrorHandler      : CSS error: 'http://localhost/webjars/bootstrap/2.3.2/css/bootstrap-responsive.min.css' [9:4973] Error in declaration. '*' is not allowed as first char of a property.
2024-02-20T12:09:49.154Z  WARN 25191 --- [pool-5-thread-1] c.g.htmlunit.DefaultCssErrorHandler      : CSS error: 'http://localhost/webjars/bootstrap/2.3.2/css/bootstrap-responsive.min.css' [9:5068] Error in declaration. '*' is not allowed as first char of a property.
2024-02-20T12:09:49.154Z  WARN 25191 --- [pool-5-thread-1] c.g.htmlunit.DefaultCssErrorHandler      : CSS error: 'http://localhost/webjars/bootstrap/2.3.2/css/bootstrap-responsive.min.css' [9:5151] Error in declaration. '*' is not allowed as first char of a property.
2024-02-20T12:09:49.154Z  WARN 25191 --- [pool-5-thread-1] c.g.htmlunit.DefaultCssErrorHandler      : CSS error: 'http://localhost/webjars/bootstrap/2.3.2/css/bootstrap-responsive.min.css' [9:5248] Error in declaration. '*' is not allowed as first char of a property.
2024-02-20T12:09:49.155Z  WARN 25191 --- [pool-5-thread-1] c.g.htmlunit.DefaultCssErrorHandler      : CSS error: 'http://localhost/webjars/bootstrap/2.3.2/css/bootstrap-responsive.min.css' [9:5331] Error in declaration. '*' is not allowed as first char of a property.
2024-02-20T12:09:49.155Z  WARN 25191 --- [pool-5-thread-1] c.g.htmlunit.DefaultCssErrorHandler      : CSS error: 'http://localhost/webjars/bootstrap/2.3.2/css/bootstrap-responsive.min.css' [9:5427] Error in declaration. '*' is not allowed as first char of a property.
2024-02-20T12:09:49.156Z  WARN 25191 --- [pool-5-thread-1] c.g.htmlunit.DefaultCssErrorHandler      : CSS error: 'http://localhost/webjars/bootstrap/2.3.2/css/bootstrap-responsive.min.css' [9:6504] Error in declaration. '*' is not allowed as first char of a property.
2024-02-20T12:09:49.157Z  WARN 25191 --- [pool-5-thread-1] c.g.htmlunit.DefaultCssErrorHandler      : CSS error: 'http://localhost/webjars/bootstrap/2.3.2/css/bootstrap-responsive.min.css' [9:7347] Error in declaration. '*' is not allowed as first char of a property.
2024-02-20T12:09:49.157Z  WARN 25191 --- [pool-5-thread-1] c.g.htmlunit.DefaultCssErrorHandler      : CSS error: 'http://localhost/webjars/bootstrap/2.3.2/css/bootstrap-responsive.min.css' [9:7568] Error in declaration. '*' is not allowed as first char of a property.
2024-02-20T12:09:49.158Z  WARN 25191 --- [pool-5-thread-1] c.g.htmlunit.DefaultCssErrorHandler      : CSS error: 'http://localhost/webjars/bootstrap/2.3.2/css/bootstrap-responsive.min.css' [9:7851] Error in declaration. '*' is not allowed as first char of a property.
2024-02-20T12:09:49.158Z  WARN 25191 --- [pool-5-thread-1] c.g.htmlunit.DefaultCssErrorHandler      : CSS error: 'http://localhost/webjars/bootstrap/2.3.2/css/bootstrap-responsive.min.css' [9:7921] Error in declaration. '*' is not allowed as first char of a property.
2024-02-20T12:09:49.158Z  WARN 25191 --- [pool-5-thread-1] c.g.htmlunit.DefaultCssErrorHandler      : CSS error: 'http://localhost/webjars/bootstrap/2.3.2/css/bootstrap-responsive.min.css' [9:7991] Error in declaration. '*' is not allowed as first char of a property.
2024-02-20T12:09:49.158Z  WARN 25191 --- [pool-5-thread-1] c.g.htmlunit.DefaultCssErrorHandler      : CSS error: 'http://localhost/webjars/bootstrap/2.3.2/css/bootstrap-responsive.min.css' [9:8060] Error in declaration. '*' is not allowed as first char of a property.
2024-02-20T12:09:49.159Z  WARN 25191 --- [pool-5-thread-1] c.g.htmlunit.DefaultCssErrorHandler      : CSS error: 'http://localhost/webjars/bootstrap/2.3.2/css/bootstrap-responsive.min.css' [9:8129] Error in declaration. '*' is not allowed as first char of a property.
2024-02-20T12:09:49.159Z  WARN 25191 --- [pool-5-thread-1] c.g.htmlunit.DefaultCssErrorHandler      : CSS error: 'http://localhost/webjars/bootstrap/2.3.2/css/bootstrap-responsive.min.css' [9:8198] Error in declaration. '*' is not allowed as first char of a property.
2024-02-20T12:09:49.159Z  WARN 25191 --- [pool-5-thread-1] c.g.htmlunit.DefaultCssErrorHandler      : CSS error: 'http://localhost/webjars/bootstrap/2.3.2/css/bootstrap-responsive.min.css' [9:8267] Error in declaration. '*' is not allowed as first char of a property.
2024-02-20T12:09:49.159Z  WARN 25191 --- [pool-5-thread-1] c.g.htmlunit.DefaultCssErrorHandler      : CSS error: 'http://localhost/webjars/bootstrap/2.3.2/css/bootstrap-responsive.min.css' [9:8336] Error in declaration. '*' is not allowed as first char of a property.
2024-02-20T12:09:49.159Z  WARN 25191 --- [pool-5-thread-1] c.g.htmlunit.DefaultCssErrorHandler      : CSS error: 'http://localhost/webjars/bootstrap/2.3.2/css/bootstrap-responsive.min.css' [9:8406] Error in declaration. '*' is not allowed as first char of a property.
2024-02-20T12:09:49.160Z  WARN 25191 --- [pool-5-thread-1] c.g.htmlunit.DefaultCssErrorHandler      : CSS error: 'http://localhost/webjars/bootstrap/2.3.2/css/bootstrap-responsive.min.css' [9:8475] Error in declaration. '*' is not allowed as first char of a property.
2024-02-20T12:09:49.160Z  WARN 25191 --- [pool-5-thread-1] c.g.htmlunit.DefaultCssErrorHandler      : CSS error: 'http://localhost/webjars/bootstrap/2.3.2/css/bootstrap-responsive.min.css' [9:8543] Error in declaration. '*' is not allowed as first char of a property.
2024-02-20T12:09:49.160Z  WARN 25191 --- [pool-5-thread-1] c.g.htmlunit.DefaultCssErrorHandler      : CSS error: 'http://localhost/webjars/bootstrap/2.3.2/css/bootstrap-responsive.min.css' [9:8613] Error in declaration. '*' is not allowed as first char of a property.
2024-02-20T12:09:49.161Z  WARN 25191 --- [pool-5-thread-1] c.g.htmlunit.DefaultCssErrorHandler      : CSS error: 'http://localhost/webjars/bootstrap/2.3.2/css/bootstrap-responsive.min.css' [9:8692] Error in declaration. '*' is not allowed as first char of a property.
2024-02-20T12:09:49.161Z  WARN 25191 --- [pool-5-thread-1] c.g.htmlunit.DefaultCssErrorHandler      : CSS error: 'http://localhost/webjars/bootstrap/2.3.2/css/bootstrap-responsive.min.css' [9:8790] Error in declaration. '*' is not allowed as first char of a property.
2024-02-20T12:09:49.161Z  WARN 25191 --- [pool-5-thread-1] c.g.htmlunit.DefaultCssErrorHandler      : CSS error: 'http://localhost/webjars/bootstrap/2.3.2/css/bootstrap-responsive.min.css' [9:8874] Error in declaration. '*' is not allowed as first char of a property.
2024-02-20T12:09:49.161Z  WARN 25191 --- [pool-5-thread-1] c.g.htmlunit.DefaultCssErrorHandler      : CSS error: 'http://localhost/webjars/bootstrap/2.3.2/css/bootstrap-responsive.min.css' [9:8968] Error in declaration. '*' is not allowed as first char of a property.
2024-02-20T12:09:49.162Z  WARN 25191 --- [pool-5-thread-1] c.g.htmlunit.DefaultCssErrorHandler      : CSS error: 'http://localhost/webjars/bootstrap/2.3.2/css/bootstrap-responsive.min.css' [9:9052] Error in declaration. '*' is not allowed as first char of a property.
2024-02-20T12:09:49.162Z  WARN 25191 --- [pool-5-thread-1] c.g.htmlunit.DefaultCssErrorHandler      : CSS error: 'http://localhost/webjars/bootstrap/2.3.2/css/bootstrap-responsive.min.css' [9:9146] Error in declaration. '*' is not allowed as first char of a property.
2024-02-20T12:09:49.162Z  WARN 25191 --- [pool-5-thread-1] c.g.htmlunit.DefaultCssErrorHandler      : CSS error: 'http://localhost/webjars/bootstrap/2.3.2/css/bootstrap-responsive.min.css' [9:9228] Error in declaration. '*' is not allowed as first char of a property.
2024-02-20T12:09:49.162Z  WARN 25191 --- [pool-5-thread-1] c.g.htmlunit.DefaultCssErrorHandler      : CSS error: 'http://localhost/webjars/bootstrap/2.3.2/css/bootstrap-responsive.min.css' [9:9323] Error in declaration. '*' is not allowed as first char of a property.
2024-02-20T12:09:49.162Z  WARN 25191 --- [pool-5-thread-1] c.g.htmlunit.DefaultCssErrorHandler      : CSS error: 'http://localhost/webjars/bootstrap/2.3.2/css/bootstrap-responsive.min.css' [9:9405] Error in declaration. '*' is not allowed as first char of a property.
2024-02-20T12:09:49.163Z  WARN 25191 --- [pool-5-thread-1] c.g.htmlunit.DefaultCssErrorHandler      : CSS error: 'http://localhost/webjars/bootstrap/2.3.2/css/bootstrap-responsive.min.css' [9:9500] Error in declaration. '*' is not allowed as first char of a property.
2024-02-20T12:09:49.163Z  WARN 25191 --- [pool-5-thread-1] c.g.htmlunit.DefaultCssErrorHandler      : CSS error: 'http://localhost/webjars/bootstrap/2.3.2/css/bootstrap-responsive.min.css' [9:9583] Error in declaration. '*' is not allowed as first char of a property.
2024-02-20T12:09:49.163Z  WARN 25191 --- [pool-5-thread-1] c.g.htmlunit.DefaultCssErrorHandler      : CSS error: 'http://localhost/webjars/bootstrap/2.3.2/css/bootstrap-responsive.min.css' [9:9679] Error in declaration. '*' is not allowed as first char of a property.
2024-02-20T12:09:49.163Z  WARN 25191 --- [pool-5-thread-1] c.g.htmlunit.DefaultCssErrorHandler      : CSS error: 'http://localhost/webjars/bootstrap/2.3.2/css/bootstrap-responsive.min.css' [9:9763] Error in declaration. '*' is not allowed as first char of a property.
2024-02-20T12:09:49.163Z  WARN 25191 --- [pool-5-thread-1] c.g.htmlunit.DefaultCssErrorHandler      : CSS error: 'http://localhost/webjars/bootstrap/2.3.2/css/bootstrap-responsive.min.css' [9:9859] Error in declaration. '*' is not allowed as first char of a property.
2024-02-20T12:09:49.164Z  WARN 25191 --- [pool-5-thread-1] c.g.htmlunit.DefaultCssErrorHandler      : CSS error: 'http://localhost/webjars/bootstrap/2.3.2/css/bootstrap-responsive.min.css' [9:9942] Error in declaration. '*' is not allowed as first char of a property.
2024-02-20T12:09:49.164Z  WARN 25191 --- [pool-5-thread-1] c.g.htmlunit.DefaultCssErrorHandler      : CSS error: 'http://localhost/webjars/bootstrap/2.3.2/css/bootstrap-responsive.min.css' [9:10037] Error in declaration. '*' is not allowed as first char of a property.
2024-02-20T12:09:49.164Z  WARN 25191 --- [pool-5-thread-1] c.g.htmlunit.DefaultCssErrorHandler      : CSS error: 'http://localhost/webjars/bootstrap/2.3.2/css/bootstrap-responsive.min.css' [9:10120] Error in declaration. '*' is not allowed as first char of a property.
2024-02-20T12:09:49.164Z  WARN 25191 --- [pool-5-thread-1] c.g.htmlunit.DefaultCssErrorHandler      : CSS error: 'http://localhost/webjars/bootstrap/2.3.2/css/bootstrap-responsive.min.css' [9:10215] Error in declaration. '*' is not allowed as first char of a property.
2024-02-20T12:09:49.165Z  WARN 25191 --- [pool-5-thread-1] c.g.htmlunit.DefaultCssErrorHandler      : CSS error: 'http://localhost/webjars/bootstrap/2.3.2/css/bootstrap-responsive.min.css' [9:10298] Error in declaration. '*' is not allowed as first char of a property.
2024-02-20T12:09:49.165Z  WARN 25191 --- [pool-5-thread-1] c.g.htmlunit.DefaultCssErrorHandler      : CSS error: 'http://localhost/webjars/bootstrap/2.3.2/css/bootstrap-responsive.min.css' [9:10394] Error in declaration. '*' is not allowed as first char of a property.
2024-02-20T12:09:49.165Z  WARN 25191 --- [pool-5-thread-1] c.g.htmlunit.DefaultCssErrorHandler      : CSS error: 'http://localhost/webjars/bootstrap/2.3.2/css/bootstrap-responsive.min.css' [9:10478] Error in declaration. '*' is not allowed as first char of a property.
2024-02-20T12:09:49.165Z  WARN 25191 --- [pool-5-thread-1] c.g.htmlunit.DefaultCssErrorHandler      : CSS error: 'http://localhost/webjars/bootstrap/2.3.2/css/bootstrap-responsive.min.css' [9:10574] Error in declaration. '*' is not allowed as first char of a property.
2024-02-20T12:09:49.166Z  WARN 25191 --- [pool-5-thread-1] c.g.htmlunit.DefaultCssErrorHandler      : CSS error: 'http://localhost/webjars/bootstrap/2.3.2/css/bootstrap-responsive.min.css' [9:10657] Error in declaration. '*' is not allowed as first char of a property.
2024-02-20T12:09:49.166Z  WARN 25191 --- [pool-5-thread-1] c.g.htmlunit.DefaultCssErrorHandler      : CSS error: 'http://localhost/webjars/bootstrap/2.3.2/css/bootstrap-responsive.min.css' [9:10752] Error in declaration. '*' is not allowed as first char of a property.
]]></system-out>
  <system-err><![CDATA[]]></system-err>
</testsuite>
